2017-04-11 17:40:28,135 - os.name - Linux
2017-04-11 17:40:28,135 - os.arch - amd64
2017-04-11 17:40:28,135 - os.version - 3.16.0-4-amd64
2017-04-11 17:40:28,135 - java.version - 1.8.0_111
2017-04-11 17:40:28,136 - java.vendor - Oracle Corporation
2017-04-11 17:40:28,136 - java.vendor.url - http://java.oracle.com/
2017-04-11 17:40:28,136 - java.home - /usr/lib/jvm/java-8-openjdk-amd64/jre
2017-04-11 17:40:28,136 - java.vm.specification.name - Java Virtual Machine Specification
2017-04-11 17:40:28,136 - java.vm.specification.vendor - Oracle Corporation
2017-04-11 17:40:28,136 - java.vm.specification.version - 1.8
2017-04-11 17:40:28,136 - java.class.path - /ark/linux64/eclipse64/eclipse-neon//plugins/org.eclipse.equinox.launcher_1.3.201.v20161025-1711.jar
2017-04-11 17:40:28,136 - java.library.path - /usr/java/packages/lib/amd64:/usr/lib/x86_64-linux-gnu/jni:/lib/x86_64-linux-gnu:/usr/lib/x86_64-linux-gnu:/usr/lib/jni:/lib:/usr/lib
2017-04-11 17:40:28,136 - --------------------------------------
2017-04-11 17:40:28,136 - ## Eclipse Plug-ins Log Information ##
2017-04-11 17:40:28,136 - --------------------------------------
2017-04-11 17:40:28,144 - javax.el - 2.2.0.v201303151357
2017-04-11 17:40:28,144 - javax.servlet - 3.1.0.v201410161800
2017-04-11 17:40:28,145 - javax.servlet.jsp - 2.2.0.v201112011158
2017-04-11 17:40:28,146 - com.sun.el - 2.2.0.v201303151357
2017-04-11 17:40:28,146 - org.apache.commons.logging - 1.1.1.v201101211721
2017-04-11 17:40:28,147 - org.apache.jasper.glassfish - 2.2.2.v201501141630
2017-04-11 17:40:28,148 - org.apache.lucene.analysis - 3.5.0.v20120725-1805
2017-04-11 17:40:28,148 - org.apache.lucene.core - 3.5.0.v20120725-1805
2017-04-11 17:40:28,149 - org.eclipse.equinox.http.jetty - 3.3.0.v20160324-1850
2017-04-11 17:40:28,149 - org.eclipse.equinox.http.registry - 1.1.400.v20150715-1528
2017-04-11 17:40:28,150 - org.eclipse.equinox.http.servlet - 1.3.1.v20160808-1329
2017-04-11 17:40:28,151 - org.eclipse.equinox.jsp.jasper - 1.0.500.v20150119-1358
2017-04-11 17:40:28,151 - org.eclipse.equinox.jsp.jasper.registry - 1.0.300.v20130327-1442
2017-04-11 17:40:28,152 - org.eclipse.help.base - 4.1.1.v20161124-1400
2017-04-11 17:40:28,152 - org.eclipse.help.ui - 4.0.200.v20160510-0758
2017-04-11 17:40:28,153 - org.eclipse.help.webapp - 3.8.0.v20160504-0839
2017-04-11 17:40:28,160 - org.eclipse.jetty.continuation - 9.3.9.v20160517
2017-04-11 17:40:28,161 - org.eclipse.jetty.http - 9.3.9.v20160517
2017-04-11 17:40:28,162 - org.eclipse.jetty.io - 9.3.9.v20160517
2017-04-11 17:40:28,162 - org.eclipse.jetty.security - 9.3.9.v20160517
2017-04-11 17:40:28,164 - org.eclipse.jetty.server - 9.3.9.v20160517
2017-04-11 17:40:28,165 - org.eclipse.jetty.servlet - 9.3.9.v20160517
2017-04-11 17:40:28,166 - org.eclipse.jetty.util - 9.3.9.v20160517
2017-04-11 17:40:28,168 - org.eclipse.core.net - 1.3.0.v20160418-1534
2017-04-11 17:40:28,168 - org.eclipse.equinox.security - 1.2.200.v20150715-1528
2017-04-11 17:40:28,172 - org.eclipse.mylyn.bugzilla.core - 3.21.0.v20160909-1813
2017-04-11 17:40:28,172 - org.eclipse.mylyn.bugzilla.ui - 3.21.0.v20160909-1813
2017-04-11 17:40:28,174 - org.eclipse.andmore.hierarchyviewer - 0.5.0.201605181018
2017-04-11 17:40:28,177 - org.eclipse.sequoyah.device.backward - 2.1.0.N20120718-0509
2017-04-11 17:40:28,177 - org.eclipse.sequoyah.device.framework - 2.1.0.N20120718-0509
2017-04-11 17:40:28,178 - org.eclipse.sequoyah.device.framework.ui - 2.1.0.N20120718-0509
2017-04-11 17:40:28,178 - org.eclipse.sequoyah.device.service.start - 2.1.0.N20120718-0509
2017-04-11 17:40:28,179 - org.eclipse.sequoyah.device.service.stop - 2.1.0.N20120718-0509
2017-04-11 17:40:28,180 - org.eclipse.sequoyah.device.framework.wizard - 2.1.0.N20120718-0509
2017-04-11 17:40:28,183 - org.eclipse.buildship.core - 1.0.21.v20161010-1640
2017-04-11 17:40:28,183 - org.eclipse.buildship.ui - 1.0.21.v20161010-1640
2017-04-11 17:40:28,184 - org.eclipse.buildship.branding - 1.0.21.v20161010-1640
2017-04-11 17:40:28,184 - org.eclipse.buildship.stsmigration - 1.0.21.v20161010-1640
2017-04-11 17:40:28,186 - org.eclipse.mylyn.tasks.core - 3.21.0.v20160914-0252
2017-04-11 17:40:28,187 - org.eclipse.mylyn.tasks.index.core - 3.21.0.v20160630-2019
2017-04-11 17:40:28,187 - org.eclipse.mylyn.tasks.index.ui - 3.21.0.v20160630-2019
2017-04-11 17:40:28,188 - org.eclipse.mylyn.tasks.search - 3.21.0.v20160630-2019
2017-04-11 17:40:28,188 - org.eclipse.mylyn.tasks.ui - 3.21.0.v20160913-2131
2017-04-11 17:40:28,191 - org.eclipse.egit.core - 4.4.1.201607150455-r
2017-04-11 17:40:28,192 - org.eclipse.egit.ui - 4.4.1.201607150455-r
2017-04-11 17:40:28,192 - org.eclipse.egit - 4.4.1.201607150455-r
2017-04-11 17:40:28,192 - org.eclipse.egit.doc - 4.4.1.201607150455-r
2017-04-11 17:40:28,194 - org.eclipse.aether.maven - 3.1.0.v20140706-2237
2017-04-11 17:40:28,196 - org.eclipse.gef - 3.11.0.201606061308
2017-04-11 17:40:28,200 - org.eclipse.mylyn.commons.identity.core - 1.13.0.v20160630-1702
2017-04-11 17:40:28,202 - org.eclipse.oomph.p2 - 1.6.0.v20161019-0656
2017-04-11 17:40:28,203 - org.eclipse.oomph.p2.core - 1.6.0.v20161111-1110
2017-04-11 17:40:28,203 - org.eclipse.oomph.p2.edit - 1.6.0.v20161019-0656
2017-04-11 17:40:28,204 - org.eclipse.oomph.p2.ui - 1.6.0.v20161128-0924
2017-04-11 17:40:28,204 - org.eclipse.oomph.p2.doc - 1.6.0.v20161019-0656
2017-04-11 17:40:28,207 - org.eclipse.datatools.enablement.sqlite - 1.1.0.201603142002
2017-04-11 17:40:28,207 - org.eclipse.datatools.enablement.sqlite.dbdefinition - 1.1.0.201603142002
2017-04-11 17:40:28,208 - org.eclipse.datatools.enablement.sqlite.ui - 1.1.0.201603142002
2017-04-11 17:40:28,208 - org.eclipse.datatools.enablement.finfo - 1.6.0.201603142002
2017-04-11 17:40:28,210 - org.eclipse.emf.codegen.ui - 2.6.0.v20160526-0356
2017-04-11 17:40:28,213 - org.eclipse.mylyn.commons.notifications.core - 1.13.0.v20160630-1702
2017-04-11 17:40:28,214 - org.eclipse.mylyn.commons.notifications.feed - 1.13.0.v20160721-2347
2017-04-11 17:40:28,214 - org.eclipse.mylyn.commons.notifications.ui - 1.13.0.v20160630-1702
2017-04-11 17:40:28,216 - org.eclipse.emf.converter - 2.7.0.v20160526-0356
2017-04-11 17:40:28,218 - org.eclipse.emf.importer - 2.9.0.v20160526-0356
2017-04-11 17:40:28,219 - org.eclipse.emf.exporter - 2.7.0.v20160526-0356
2017-04-11 17:40:28,220 - org.eclipse.emf.importer.ecore - 2.8.0.v20160526-0356
2017-04-11 17:40:28,220 - org.eclipse.emf.importer.java - 2.7.0.v20160526-0356
2017-04-11 17:40:28,221 - org.eclipse.emf.importer.rose - 2.8.0.v20160526-0356
2017-04-11 17:40:28,224 - org.eclipse.emf.edit.ui - 2.12.0.v20160526-0356
2017-04-11 17:40:28,227 - org.eclipse.help - 3.7.0.v20160602-1307
2017-04-11 17:40:28,228 - org.eclipse.ui - 3.108.1.v20160929-1045
2017-04-11 17:40:28,228 - org.eclipse.ui.workbench - 3.108.2.v20161025-2029
2017-04-11 17:40:28,228 - org.eclipse.update.configurator - 3.3.400.v20160506-0750
2017-04-11 17:40:28,228 - org.eclipse.rcp - 4.6.2.v20161124-1400
2017-04-11 17:40:28,236 - org.eclipse.recommenders.rcp - 2.4.5.v20161130-1427
2017-04-11 17:40:28,237 - org.eclipse.recommenders.apidocs - 2.4.5.v20161130-1427
2017-04-11 17:40:28,238 - org.eclipse.recommenders.apidocs.rcp - 2.4.5.v20161130-1427
2017-04-11 17:40:28,239 - org.eclipse.recommenders.calls - 2.4.5.v20161130-1427
2017-04-11 17:40:28,239 - org.eclipse.recommenders.calls.rcp - 2.4.5.v20161130-1427
2017-04-11 17:40:28,240 - org.eclipse.recommenders.chain.rcp - 2.4.5.v20161130-1427
2017-04-11 17:40:28,241 - org.eclipse.recommenders.completion.rcp - 2.4.5.v20161130-1427
2017-04-11 17:40:28,245 - org.eclipse.recommenders.constructors - 2.4.5.v20161130-1427
2017-04-11 17:40:28,246 - org.eclipse.recommenders.constructors.rcp - 2.4.5.v20161130-1427
2017-04-11 17:40:28,246 - org.eclipse.recommenders.coordinates - 2.4.5.v20161130-1427
2017-04-11 17:40:28,247 - org.eclipse.recommenders.coordinates.rcp - 2.4.5.v20161130-1427
2017-04-11 17:40:28,248 - org.eclipse.recommenders.injection - 2.4.5.v20161130-1427
2017-04-11 17:40:28,248 - org.eclipse.recommenders.jayes - 2.4.5.v20161130-1427
2017-04-11 17:40:28,249 - org.eclipse.recommenders.jayes.io - 2.4.5.v20161130-1427
2017-04-11 17:40:28,250 - org.eclipse.recommenders.jdt - 2.4.5.v20161130-1427
2017-04-11 17:40:28,250 - org.eclipse.recommenders.models - 2.4.5.v20161130-1427
2017-04-11 17:40:28,251 - org.eclipse.recommenders.models.rcp - 2.4.5.v20161130-1427
2017-04-11 17:40:28,251 - org.eclipse.recommenders.net - 2.4.5.v20161130-1427
2017-04-11 17:40:28,252 - org.eclipse.recommenders.overrides - 2.4.5.v20161130-1427
2017-04-11 17:40:28,253 - org.eclipse.recommenders.overrides.rcp - 2.4.5.v20161130-1427
2017-04-11 17:40:28,253 - org.eclipse.recommenders.subwords.rcp - 2.4.5.v20161130-1427
2017-04-11 17:40:28,254 - org.eclipse.recommenders.types.rcp - 2.4.5.v20161130-1427
2017-04-11 17:40:28,254 - org.eclipse.recommenders.utils - 2.4.5.v20161130-1427
2017-04-11 17:40:28,255 - org.eclipse.recommenders.utils.rcp - 2.4.5.v20161130-1427
2017-04-11 17:40:28,258 - org.eclipse.mylyn.commons.repositories.http.core - 1.13.0.v20160630-1702
2017-04-11 17:40:28,264 - org.eclipse.datatools.connectivity.oda.design.ui - 3.3.0.201603142002
2017-04-11 17:40:28,265 - org.eclipse.datatools.connectivity.ui.dse - 1.2.0.201603142002
2017-04-11 17:40:28,266 - org.eclipse.datatools.connectivity.ui - 1.3.0.201603142002
2017-04-11 17:40:28,267 - org.eclipse.datatools.connectivity.sqm.core - 1.3.0.201603142002
2017-04-11 17:40:28,268 - org.eclipse.datatools.help - 1.6.0.201603142002
2017-04-11 17:40:28,270 - org.eclipse.jdt - 3.12.2.v20161124-1400
2017-04-11 17:40:28,271 - org.eclipse.ant.ui - 3.6.201.v20161115-1135
2017-04-11 17:40:28,271 - org.eclipse.jdt.apt.core - 3.4.100.v20160525-0952
2017-04-11 17:40:28,272 - org.eclipse.jdt.apt.ui - 3.4.100.v20160418-1457
2017-04-11 17:40:28,273 - org.eclipse.jdt.apt.pluggable.core - 1.1.100.v20160418-1457
2017-04-11 17:40:28,274 - org.eclipse.jdt.compiler.apt - 1.2.100.v20160418-1457
2017-04-11 17:40:28,274 - org.eclipse.jdt.compiler.tool - 1.1.100.v20160418-1457
2017-04-11 17:40:28,275 - org.eclipse.jdt.core - 3.12.2.v20161117-1814
2017-04-11 17:40:28,276 - org.eclipse.jdt.annotation - 2.1.0.v20160418-1457
2017-04-11 17:40:28,276 - org.eclipse.jdt.annotation - 2.1.0.v20160418-1457
2017-04-11 17:40:28,276 - org.eclipse.jdt.core.manipulation - 1.7.0.v20160419-0705
2017-04-11 17:40:28,277 - org.eclipse.jdt.debug.ui - 3.7.201.v20160811-0450
2017-04-11 17:40:28,283 - org.eclipse.jdt.debug - 3.10.1.v20160811-0441
2017-04-11 17:40:28,283 - org.eclipse.jdt.junit - 3.9.0.v20160421-1701
2017-04-11 17:40:28,284 - org.eclipse.jdt.junit.core - 3.8.0.v20160421-1701
2017-04-11 17:40:28,284 - org.eclipse.jdt.junit.runtime - 3.4.600.v20160505-0715
2017-04-11 17:40:28,285 - org.eclipse.jdt.junit4.runtime - 1.1.600.v20160505-0715
2017-04-11 17:40:28,285 - org.eclipse.jdt.launching - 3.8.101.v20161111-2014
2017-04-11 17:40:28,287 - org.eclipse.jdt.ui - 3.12.2.v20160929-0804
2017-04-11 17:40:28,288 - org.junit - 4.12.0.v201504281640
2017-04-11 17:40:28,289 - org.hamcrest.core - 1.3.0.v201303031735
2017-04-11 17:40:28,290 - org.eclipse.jdt.doc.user - 3.12.1.v20160727-2009
2017-04-11 17:40:28,290 - org.eclipse.ant.launching - 1.1.201.v20161115-1135
2017-04-11 17:40:28,293 - org.eclipse.emf.common - 2.12.0.v20160420-0247
2017-04-11 17:40:28,299 - org.eclipse.sequoyah.vnc.vncviewer.vncviews - 2.1.0.N20120718-0509
2017-04-11 17:40:28,301 - org.eclipse.egit.mylyn.ui - 4.4.1.201607150455-r
2017-04-11 17:40:28,304 - org.eclipse.datatools.sqltools.common.ui - 1.1.0.201603142002
2017-04-11 17:40:28,305 - org.eclipse.datatools.sqltools.debugger.core - 1.1.0.201603142002
2017-04-11 17:40:28,305 - org.eclipse.datatools.sqltools.editor.core - 1.1.0.201603142002
2017-04-11 17:40:28,306 - org.eclipse.datatools.sqltools.plan - 1.1.0.201603142002
2017-04-11 17:40:28,306 - org.eclipse.datatools.sqltools.routineeditor - 1.1.0.201603142002
2017-04-11 17:40:28,307 - org.eclipse.datatools.sqltools.sql - 1.1.0.201603142002
2017-04-11 17:40:28,307 - org.eclipse.datatools.sqltools.sqleditor - 1.1.0.201603142002
2017-04-11 17:40:28,308 - org.eclipse.datatools.sqltools.sqlscrapbook - 1.1.0.201603142002
2017-04-11 17:40:28,308 - org.eclipse.datatools.help - 1.6.0.201603142002
2017-04-11 17:40:28,308 - org.eclipse.datatools.sqltools.db.generic - 1.1.0.201603142002
2017-04-11 17:40:28,309 - org.eclipse.datatools.sqltools.debugger.core.ui - 1.1.0.201603142002
2017-04-11 17:40:28,310 - org.eclipse.datatools.sqltools.editor.core.ui - 1.1.0.201603142002
2017-04-11 17:40:28,310 - org.eclipse.datatools.sqltools.result.ui - 1.2.0.201603142002
2017-04-11 17:40:28,311 - org.eclipse.datatools.sqltools.routineeditor.ui - 1.1.0.201603142002
2017-04-11 17:40:28,311 - org.eclipse.datatools.sqltools.sql.ui - 1.1.0.201603142002
2017-04-11 17:40:28,314 - org.objectweb.asm - 5.0.1.v201404251740
2017-04-11 17:40:28,314 - org.eclipse.andmore - 0.5.0.201605181018
2017-04-11 17:40:28,314 - org.eclipse.andmore.base - 0.5.0.201605181018
2017-04-11 17:40:28,315 - org.eclipse.andmore.ddms - 0.5.0.201605181018
2017-04-11 17:40:28,315 - org.eclipse.andmore.overlay - 0.5.0.201605181018
2017-04-11 17:40:28,317 - org.apache.commons.codec - 1.6.0.v201305230611
2017-04-11 17:40:28,318 - org.apache.commons.compress - 1.6.0.v201310281400
2017-04-11 17:40:28,318 - org.apache.httpcomponents.httpclient - 4.3.6.v201511171540
2017-04-11 17:40:28,319 - org.apache.httpcomponents.httpcore - 4.3.3.v201411290715
2017-04-11 17:40:28,322 - org.eclipse.datatools.modelbase.dbdefinition - 1.1.0.201603142002
2017-04-11 17:40:28,323 - org.eclipse.datatools.modelbase.sql.edit - 1.1.0.201603142002
2017-04-11 17:40:28,324 - org.eclipse.datatools.modelbase.sql.query - 1.2.0.201603142002
2017-04-11 17:40:28,325 - org.eclipse.datatools.modelbase.sql.query.edit - 1.1.0.201603142002
2017-04-11 17:40:28,326 - org.eclipse.datatools.modelbase.sql.xml.query - 1.1.0.201603142002
2017-04-11 17:40:28,326 - org.eclipse.datatools.modelbase.sql - 1.1.0.201603142002
2017-04-11 17:40:28,328 - org.eclipse.emf.mapping - 2.9.0.v20160526-0356
2017-04-11 17:40:28,330 - org.eclipse.oomph.setup.editor - 1.6.0.v20161125-1207
2017-04-11 17:40:28,331 - org.eclipse.oomph.setup.ui - 1.6.0.v20161128-0851
2017-04-11 17:40:28,331 - org.eclipse.oomph.setup.doc - 1.6.0.v20161019-0656
2017-04-11 17:40:28,332 - org.eclipse.oomph.setup.ui.questionnaire - 1.6.0.v20161019-0656
2017-04-11 17:40:28,332 - org.eclipse.oomph.jreinfo.ui - 1.6.0.v20161019-0656
2017-04-11 17:40:28,334 - org.eclipse.emf.ecore - 2.12.0.v20160420-0247
2017-04-11 17:40:28,335 - org.eclipse.emf.ecore.change - 2.11.0.v20160420-0247
2017-04-11 17:40:28,335 - org.eclipse.emf.ecore.xmi - 2.12.0.v20160420-0247
2017-04-11 17:40:28,337 - org.eclipse.jgit - 4.4.1.201607150455-r
2017-04-11 17:40:28,338 - org.eclipse.jgit.archive - 4.4.1.201607150455-r
2017-04-11 17:40:28,338 - com.jcraft.jsch - 0.1.53.v201508180515
2017-04-11 17:40:28,339 - javaewah - 0.7.9.v201605172130
2017-04-11 17:40:28,339 - org.apache.commons.compress - 1.6.0.v201310281400
2017-04-11 17:40:28,340 - org.slf4j.api - 1.7.2.v20121108-1250
2017-04-11 17:40:28,340 - org.slf4j.impl.log4j12 - 1.7.2.v20131105-2200
2017-04-11 17:40:28,340 - org.apache.log4j - 1.2.15.v201012070815
2017-04-11 17:40:28,343 - org.eclipse.mylyn.wikitext.core - 2.10.1.v20161129-1925
2017-04-11 17:40:28,343 - org.eclipse.mylyn.wikitext.core.ant - 2.10.1.v20161129-1925
2017-04-11 17:40:28,344 - org.eclipse.mylyn.wikitext.core.osgi - 2.10.1.v20161129-1925
2017-04-11 17:40:28,345 - org.eclipse.mylyn.wikitext.textile.core - 2.10.1.v20161129-1925
2017-04-11 17:40:28,345 - org.eclipse.mylyn.wikitext.html.core - 2.10.1.v20161129-1925
2017-04-11 17:40:28,346 - org.eclipse.mylyn.wikitext.markdown.core - 2.10.1.v20161129-1925
2017-04-11 17:40:28,347 - org.eclipse.mylyn.wikitext.mediawiki.core - 2.10.1.v20161129-1925
2017-04-11 17:40:28,347 - org.eclipse.mylyn.wikitext.mediawiki.core.ant - 2.10.1.v20161129-1925
2017-04-11 17:40:28,348 - org.eclipse.mylyn.wikitext.confluence.core - 2.10.1.v20161129-1925
2017-04-11 17:40:28,349 - org.eclipse.mylyn.wikitext.tracwiki.core - 2.10.1.v20161129-1925
2017-04-11 17:40:28,349 - org.eclipse.mylyn.wikitext.twiki.core - 2.10.1.v20161129-1925
2017-04-11 17:40:28,350 - org.eclipse.mylyn.wikitext.ui - 2.10.1.v20161129-1925
2017-04-11 17:40:28,351 - org.eclipse.mylyn.wikitext.help.ui - 2.10.1.v20161129-1925
2017-04-11 17:40:28,351 - org.eclipse.mylyn.wikitext.textile.ui - 2.10.1.v20161129-1925
2017-04-11 17:40:28,352 - org.eclipse.mylyn.wikitext.markdown.ui - 2.10.1.v20161129-1925
2017-04-11 17:40:28,353 - org.eclipse.mylyn.wikitext.mediawiki.ui - 2.10.1.v20161129-1925
2017-04-11 17:40:28,354 - org.eclipse.mylyn.wikitext.confluence.ui - 2.10.1.v20161129-1925
2017-04-11 17:40:28,356 - org.eclipse.mylyn.wikitext.tracwiki.ui - 2.10.1.v20161129-1925
2017-04-11 17:40:28,357 - org.eclipse.mylyn.wikitext.twiki.ui - 2.10.1.v20161129-1925
2017-04-11 17:40:28,358 - org.eclipse.mylyn.wikitext.tasks.ui - 2.10.1.v20161129-1925
2017-04-11 17:40:28,359 - org.eclipse.mylyn.wikitext.context.ui - 2.10.1.v20161129-1925
2017-04-11 17:40:28,360 - org.eclipse.mylyn.wikitext.asciidoc.core - 2.10.1.v20161129-1925
2017-04-11 17:40:28,361 - org.eclipse.mylyn.wikitext.asciidoc.ui - 2.10.1.v20161129-1925
2017-04-11 17:40:28,365 - org.eclipse.emf.mapping.ecore.editor - 2.6.0.v20160526-0356
2017-04-11 17:40:28,365 - org.eclipse.emf.mapping.ecore2ecore.editor - 2.7.0.v20160526-0356
2017-04-11 17:40:28,366 - org.eclipse.emf.mapping.ecore2xml.ui - 2.8.0.v20160526-0356
2017-04-11 17:40:28,369 - org.eclipse.recommenders.mylyn.rcp - 2.4.5.v20161130-1427
2017-04-11 17:40:28,392 - org.apache.ant - 1.9.6.v201510161327
2017-04-11 17:40:28,393 - org.eclipse.ant.core - 3.4.100.v20160505-0642
2017-04-11 17:40:28,393 - com.jcraft.jsch - 0.1.53.v201508180515
2017-04-11 17:40:28,394 - org.eclipse.compare.core - 3.6.0.v20160418-1534
2017-04-11 17:40:28,394 - org.eclipse.compare - 3.7.0.v20161024-1724
2017-04-11 17:40:28,395 - org.eclipse.core.filebuffers - 3.6.0.v20160503-1849
2017-04-11 17:40:28,395 - org.eclipse.core.filesystem - 1.6.1.v20161113-2349
2017-04-11 17:40:28,395 - org.eclipse.core.net - 1.3.0.v20160418-1534
2017-04-11 17:40:28,396 - org.eclipse.core.net.linux.x86_64 - 1.2.0.v20160323-1650
2017-04-11 17:40:28,396 - org.eclipse.core.resources - 3.11.1.v20161107-2032
2017-04-11 17:40:28,399 - org.eclipse.osgi.util - 3.3.100.v20150423-1351
2017-04-11 17:40:28,399 - org.eclipse.debug.core - 3.10.100.v20160419-1720
2017-04-11 17:40:28,400 - org.eclipse.debug.ui - 3.11.202.v20161114-0338
2017-04-11 17:40:28,400 - org.eclipse.equinox.event - 1.3.200.v20160324-1850
2017-04-11 17:40:28,401 - org.eclipse.ltk.core.refactoring - 3.7.0.v20160419-0705
2017-04-11 17:40:28,401 - org.eclipse.ltk.ui.refactoring - 3.8.0.v20160518-1817
2017-04-11 17:40:28,401 - org.eclipse.platform - 4.6.2.v20161124-1400
2017-04-11 17:40:28,402 - org.eclipse.platform.doc.user - 4.6.1.v20160727-2009
2017-04-11 17:40:28,402 - org.eclipse.search - 3.11.1.v20161113-1700
2017-04-11 17:40:28,402 - org.eclipse.team.core - 3.8.0.v20160418-1534
2017-04-11 17:40:28,403 - org.eclipse.team.ui - 3.8.0.v20160518-1906
2017-04-11 17:40:28,403 - org.eclipse.text - 3.6.0.v20160503-1849
2017-04-11 17:40:28,404 - org.eclipse.jface.text - 3.11.2.v20161113-1700
2017-04-11 17:40:28,405 - org.eclipse.jsch.core - 1.3.0.v20160422-1917
2017-04-11 17:40:28,405 - org.eclipse.jsch.ui - 1.3.0.v20160323-1650
2017-04-11 17:40:28,406 - org.eclipse.ui.console - 3.6.201.v20161107-0337
2017-04-11 17:40:28,406 - org.eclipse.ui.intro - 3.5.2.v20161116-1147
2017-04-11 17:40:28,407 - org.eclipse.ui.intro.universal - 3.3.1.v20160829-1558
2017-04-11 17:40:28,407 - org.eclipse.ui.cheatsheets - 3.5.0.v20160504-0839
2017-04-11 17:40:28,407 - org.eclipse.ui.browser - 3.5.2.v20161114-0210
2017-04-11 17:40:28,408 - org.eclipse.ui.monitoring - 1.1.1.v20161028-1850
2017-04-11 17:40:28,409 - org.eclipse.ui.navigator - 3.6.101.v20161006-1120
2017-04-11 17:40:28,409 - org.eclipse.ui.navigator.resources - 3.5.101.v20161006-0640
2017-04-11 17:40:28,409 - org.eclipse.ui.net - 1.3.0.v20160426-1633
2017-04-11 17:40:28,410 - org.eclipse.ui.workbench.texteditor - 3.10.1.v20160818-1626
2017-04-11 17:40:28,410 - org.eclipse.ui.views - 3.8.101.v20160816-1954
2017-04-11 17:40:28,411 - org.eclipse.ui.editors - 3.10.1.v20161106-1856
2017-04-11 17:40:28,411 - org.eclipse.ui.externaltools - 3.3.100.v20160518-1858
2017-04-11 17:40:28,412 - org.eclipse.ui.ide - 3.12.2.v20161115-1450
2017-04-11 17:40:28,412 - org.eclipse.ui.ide.application - 1.1.101.v20160829-0827
2017-04-11 17:40:28,412 - org.eclipse.core.filesystem.linux.x86_64 - 1.2.200.v20140124-1940
2017-04-11 17:40:28,413 - org.eclipse.core.variables - 3.3.0.v20160419-1720
2017-04-11 17:40:28,413 - org.eclipse.ui.forms - 3.7.0.v20160518-1929
2017-04-11 17:40:28,414 - org.eclipse.ui.views.properties.tabbed - 3.7.0.v20160310-0903
2017-04-11 17:40:28,414 - org.eclipse.equinox.security - 1.2.200.v20150715-1528
2017-04-11 17:40:28,415 - org.eclipse.equinox.security.ui - 1.1.300.v20150803-1225
2017-04-11 17:40:28,416 - org.eclipse.core.externaltools - 1.0.400.v20160509-1057
2017-04-11 17:40:28,416 - org.eclipse.ui.themes - 1.1.300.v20161107-1827
2017-04-11 17:40:28,417 - org.eclipse.core.runtime - 3.12.0.v20160606-1342
2017-04-11 17:40:28,420 - org.eclipse.ui.intro.quicklinks - 1.0.0.v20160515-0255
2017-04-11 17:40:28,423 - org.eclipse.mylyn.discovery.core - 3.21.0.v20160729-1739
2017-04-11 17:40:28,424 - org.eclipse.mylyn.discovery.ui - 3.21.0.v20160630-1702
2017-04-11 17:40:28,426 - org.eclipse.emf.ecore.edit - 2.9.0.v20160526-0356
2017-04-11 17:40:28,427 - org.eclipse.emf.ecore.change.edit - 2.6.0.v20160526-0356
2017-04-11 17:40:28,429 - org.eclipse.sequoyah.vnc.protocol - 2.1.0.N20120718-0509
2017-04-11 17:40:28,431 - org.eclipse.mylyn.versions.core - 1.13.0.v20160630-2022
2017-04-11 17:40:28,432 - org.eclipse.mylyn.versions.ui - 1.13.0.v20160630-2022
2017-04-11 17:40:28,433 - org.eclipse.emf.mapping.ecore - 2.6.0.v20160526-0356
2017-04-11 17:40:28,434 - org.eclipse.emf.mapping.ecore2ecore - 2.9.0.v20160526-0356
2017-04-11 17:40:28,435 - org.eclipse.emf.mapping.ecore2xml - 2.9.0.v20160526-0356
2017-04-11 17:40:28,436 - org.eclipse.andmore.traceview - 0.5.0.201605181018
2017-04-11 17:40:28,438 - org.eclipse.sequoyah.localization.android - 2.1.0.N20120718-0509
2017-04-11 17:40:28,439 - org.eclipse.sequoyah.localization.android.help - 2.1.1.N20120718-0509
2017-04-11 17:40:28,441 - org.eclipse.m2e.logback.configuration - 1.7.0.20160603-1933
2017-04-11 17:40:28,442 - org.eclipse.m2e.logback.appender - 1.7.0.20160603-1933
2017-04-11 17:40:28,444 - org.eclipse.emf.codegen - 2.11.0.v20160526-0356
2017-04-11 17:40:28,447 - org.eclipse.wst.dtd.ui - 1.0.801.v201308100602
2017-04-11 17:40:28,448 - org.eclipse.wst.dtd.ui.infopop - 1.0.400.v201309112106
2017-04-11 17:40:28,448 - org.eclipse.wst.sse.ui.infopop - 1.0.300.v201309112106
2017-04-11 17:40:28,449 - org.eclipse.wst.xml.ui.infopop - 1.0.400.v201309112106
2017-04-11 17:40:28,449 - org.eclipse.wst.sse.ui - 1.3.500.v201605120129
2017-04-11 17:40:28,450 - org.eclipse.wst.xml.ui - 1.1.700.v201604272318
2017-04-11 17:40:28,451 - org.eclipse.wst.xsd.ui - 1.2.600.v201511240159
2017-04-11 17:40:28,453 - org.eclipse.emf - 2.6.0.v20160526-0356
2017-04-11 17:40:28,455 - org.eclipse.datatools.doc.user - 1.7.0.20090521092446
2017-04-11 17:40:28,456 - org.eclipse.datatools.oda.cshelp - 1.2.0.201603142002
2017-04-11 17:40:28,456 - org.eclipse.datatools.help - 1.6.0.201603142002
2017-04-11 17:40:28,457 - org.eclipse.mylyn.tasks.bugs - 3.21.0.v20160929-1805
2017-04-11 17:40:28,458 - org.eclipse.mylyn.help.ui - 3.21.0.v20160913-2013
2017-04-11 17:40:28,462 - org.eclipse.draw2d - 3.10.100.201606061308
2017-04-11 17:40:28,464 - org.eclipse.emf.edit - 2.12.0.v20160526-0356
2017-04-11 17:40:28,466 - org.eclipse.mylyn.commons.core - 3.21.0.v20160707-1856
2017-04-11 17:40:28,466 - org.eclipse.mylyn.commons.screenshots - 3.21.0.v20160630-1702
2017-04-11 17:40:28,467 - org.eclipse.mylyn.commons.ui - 3.21.0.v20160630-1702
2017-04-11 17:40:28,467 - org.eclipse.mylyn.commons.workbench - 3.21.0.v20160630-1702
2017-04-11 17:40:28,469 - org.eclipse.mylyn.bugzilla.ide - 3.21.0.v20160912-1820
2017-04-11 17:40:28,470 - org.eclipse.mylyn.ide.ui - 3.21.0.v20160701-1337
2017-04-11 17:40:28,479 - org.eclipse.emf.databinding.edit - 1.3.0.v20160526-0356
2017-04-11 17:40:28,482 - org.eclipse.emf.codegen.ecore - 2.12.0.v20160526-0356
2017-04-11 17:40:28,486 - org.eclipse.emf.ant - 2.8.0.v20160526-0356
2017-04-11 17:40:28,511 - org.eclipse.m2e.archetype.common - 1.7.0.20160603-1931
2017-04-11 17:40:28,515 - org.eclipse.m2e.maven.indexer - 1.7.0.20160603-1931
2017-04-11 17:40:28,516 - org.eclipse.m2e.model.edit - 1.7.0.20160603-1933
2017-04-11 17:40:28,516 - org.eclipse.m2e.core - 1.7.0.20160603-1933
2017-04-11 17:40:28,516 - org.eclipse.m2e.launching - 1.7.0.20160603-1933
2017-04-11 17:40:28,517 - org.eclipse.m2e.workspace.cli - 0.3.1
2017-04-11 17:40:28,518 - org.eclipse.m2e.jdt - 1.7.0.20160603-1933
2017-04-11 17:40:28,519 - org.eclipse.m2e.editor - 1.7.0.20160603-1933
2017-04-11 17:40:28,519 - org.eclipse.m2e.editor.xml - 1.7.0.20160603-1933
2017-04-11 17:40:28,551 - org.eclipse.m2e.maven.runtime - 1.7.0.20160603-1931
2017-04-11 17:40:28,554 - org.eclipse.m2e.maven.runtime.slf4j.simple - 1.7.0.20160603-1931
2017-04-11 17:40:28,554 - org.eclipse.m2e.refactoring - 1.7.0.20160603-1933
2017-04-11 17:40:28,555 - org.eclipse.m2e.lifecyclemapping.defaults - 1.7.0.20160603-1933
2017-04-11 17:40:28,556 - org.eclipse.m2e.discovery - 1.7.0.20160603-1933
2017-04-11 17:40:28,556 - org.eclipse.m2e.core.ui - 1.7.0.20160603-1933
2017-04-11 17:40:28,557 - org.eclipse.m2e.scm - 1.7.0.20160603-1933
2017-04-11 17:40:28,557 - org.eclipse.m2e.jdt.ui - 1.7.0.20160603-1933
2017-04-11 17:40:28,558 - org.eclipse.m2e.profiles.core - 1.7.0.20160603-1933
2017-04-11 17:40:28,558 - org.eclipse.m2e.profiles.ui - 1.7.0.20160603-1933
2017-04-11 17:40:28,559 - org.eclipse.m2e.importer - 1.7.0.20160603-1933
2017-04-11 17:40:28,561 - org.eclipse.andmore.ndk - 0.5.0.201605181018
2017-04-11 17:40:28,563 - org.eclipse.andmore.gldebugger - 0.5.0.201605181018
2017-04-11 17:40:28,565 - org.eclipse.mylyn.hudson.core - 1.13.0.v20160806-1446
2017-04-11 17:40:28,567 - org.eclipse.mylyn.hudson.ui - 1.13.0.v20160704-1634
2017-04-11 17:40:28,570 - org.eclipse.epp.mpc.core - 1.5.3.v20161116-1851
2017-04-11 17:40:28,570 - org.eclipse.epp.mpc.ui - 1.5.3.v20161116-1851
2017-04-11 17:40:28,571 - org.eclipse.epp.mpc.help.ui - 1.5.3.v20161116-1851
2017-04-11 17:40:28,571 - org.apache.httpcomponents.httpclient - 4.3.6.v201511171540
2017-04-11 17:40:28,571 - org.apache.httpcomponents.httpcore - 4.3.3.v201411290715
2017-04-11 17:40:28,573 - org.eclipse.mylyn.git.core - 1.13.0.v20160630-2022
2017-04-11 17:40:28,573 - org.eclipse.mylyn.git.ui - 1.13.0.v20160630-2022
2017-04-11 17:40:28,576 - org.eclipse.datatools.connectivity.oda.consumer - 3.3.0.201603142002
2017-04-11 17:40:28,576 - org.eclipse.datatools.connectivity.oda.design - 3.4.0.201603142002
2017-04-11 17:40:28,577 - org.eclipse.datatools.connectivity.oda.profile - 3.3.0.201603142002
2017-04-11 17:40:28,577 - org.eclipse.datatools.connectivity.oda - 3.5.0.201603142002
2017-04-11 17:40:28,578 - org.eclipse.datatools.connectivity - 1.13.0.201603142002
2017-04-11 17:40:28,580 - org.eclipse.andmore.android.certmanager - 0.5.0.201605181018
2017-04-11 17:40:28,593 - org.eclipse.recommenders.snipmatch - 2.4.5.v20161130-1427
2017-04-11 17:40:28,593 - org.eclipse.recommenders.snipmatch.rcp - 2.4.5.v20161130-1427
2017-04-11 17:40:28,596 - org.eclipse.cdt.gdb - 7.0.0.201606062011
2017-04-11 17:40:28,597 - org.eclipse.cdt.gdb.ui - 7.0.0.201606062011
2017-04-11 17:40:28,599 - org.eclipse.pde - 3.12.2.v20161124-1400
2017-04-11 17:40:28,601 - org.eclipse.pde.build - 3.9.200.v20160204-0642
2017-04-11 17:40:28,601 - org.eclipse.pde.core - 3.11.1.v20161115-1951
2017-04-11 17:40:28,602 - org.eclipse.pde.junit.runtime - 3.5.0.v20151013-0625
2017-04-11 17:40:28,602 - org.eclipse.pde.runtime - 3.5.0.v20160418-1724
2017-04-11 17:40:28,603 - org.eclipse.pde.ui - 3.9.100.v20161102-0517
2017-04-11 17:40:28,604 - org.eclipse.pde.doc.user - 3.12.2.v20161123-1159
2017-04-11 17:40:28,605 - org.eclipse.pde.ui.templates - 3.6.0.v20160424-1948
2017-04-11 17:40:28,605 - org.eclipse.ui.views.log - 1.2.1.v20160829-0826
2017-04-11 17:40:28,605 - org.objectweb.asm - 5.0.1.v201404251740
2017-04-11 17:40:28,606 - org.objectweb.asm.tree - 5.0.1.v201404251740
2017-04-11 17:40:28,607 - org.eclipse.pde.api.tools - 1.1.2.v20161115-0549
2017-04-11 17:40:28,607 - org.eclipse.pde.api.tools.annotations - 1.0.100.v20160418-1724
2017-04-11 17:40:28,608 - org.eclipse.pde.api.tools.ui - 1.1.0.v20160519-0701
2017-04-11 17:40:28,609 - org.eclipse.pde.ds.core - 1.1.0.v20151201-1325
2017-04-11 17:40:28,609 - org.eclipse.pde.ds.ui - 1.1.0.v20160518-1843
2017-04-11 17:40:28,610 - org.eclipse.pde.launching - 3.6.401.v20161115-0549
2017-04-11 17:40:28,610 - org.eclipse.pde.ua.core - 1.0.500.v20160204-0642
2017-04-11 17:40:28,611 - org.eclipse.pde.ua.ui - 1.1.0.v20160518-1843
2017-04-11 17:40:28,611 - org.eclipse.ui.trace - 1.0.400.v20160509-1055
2017-04-11 17:40:28,612 - org.eclipse.pde.ds.annotations - 1.0.0.v20160525-1437
2017-04-11 17:40:28,614 - org.eclipse.sequoyah.localization.tools - 2.1.0.N20120718-0509
2017-04-11 17:40:28,615 - org.eclipse.sequoyah.localization.editor - 2.1.0.N20120718-0509
2017-04-11 17:40:28,617 - net.sourceforge.lpg.lpgjavaruntime - 1.1.0.v201004271650
2017-04-11 17:40:28,618 - org.eclipse.datatools.sqltools.parsers.sql.lexer - 1.1.0.201603142002
2017-04-11 17:40:28,618 - org.eclipse.datatools.sqltools.parsers.sql.query - 1.3.0.201603142002
2017-04-11 17:40:28,619 - org.eclipse.datatools.sqltools.parsers.sql.xml.query - 1.1.0.201603142002
2017-04-11 17:40:28,619 - org.eclipse.datatools.sqltools.parsers.sql - 1.1.0.201603142002
2017-04-11 17:40:28,621 - org.eclipse.mylyn.java.ui - 3.21.0.v20160701-1337
2017-04-11 17:40:28,622 - org.eclipse.mylyn.java.tasks - 3.21.0.v20160701-1337
2017-04-11 17:40:28,622 - org.eclipse.mylyn.ide.ui - 3.21.0.v20160701-1337
2017-04-11 17:40:28,622 - org.eclipse.mylyn.ide.ant - 3.21.0.v20160701-1337
2017-04-11 17:40:28,623 - org.eclipse.mylyn.debug.ui - 3.21.0.v20160701-1337
2017-04-11 17:40:28,627 - org.eclipse.mylyn.team.ui - 3.21.0.v20160701-1337
2017-04-11 17:40:28,629 - org.eclipse.datatools.sqltools.sql - 1.1.0.201603142002
2017-04-11 17:40:28,629 - org.eclipse.datatools.sqltools.common.ui - 1.1.0.201603142002
2017-04-11 17:40:28,629 - org.eclipse.datatools.sqltools.plan - 1.1.0.201603142002
2017-04-11 17:40:28,629 - org.eclipse.datatools.sqltools.editor.core - 1.1.0.201603142002
2017-04-11 17:40:28,629 - org.eclipse.datatools.sqltools.sqleditor - 1.1.0.201603142002
2017-04-11 17:40:28,629 - org.eclipse.datatools.sqltools.ddlgen.ui - 1.1.0.201603142002
2017-04-11 17:40:28,629 - org.eclipse.datatools.connectivity.db.generic - 1.1.0.201603142002
2017-04-11 17:40:28,629 - org.eclipse.datatools.sqltools.editor.core.ui - 1.1.0.201603142002
2017-04-11 17:40:28,629 - org.eclipse.datatools.sqltools.sql.ui - 1.1.0.201603142002
2017-04-11 17:40:28,631 - org.eclipse.emf.common.ui - 2.11.0.v20160526-0356
2017-04-11 17:40:28,634 - org.eclipse.mylyn.commons.repositories.core - 1.13.0.v20160630-1702
2017-04-11 17:40:28,634 - org.eclipse.mylyn.commons.repositories.ui - 1.13.0.v20160630-1702
2017-04-11 17:40:28,636 - org.eclipse.sequoyah.device.common.utilities - 2.1.0.N20120718-0509
2017-04-11 17:40:28,640 - org.eclipse.andmore.android.common - 0.5.0.201605181018
2017-04-11 17:40:28,641 - org.eclipse.andmore.android.codeutils - 0.5.0.201605181018
2017-04-11 17:40:28,641 - org.eclipse.andmore.android.translation - 0.5.0.201605181018
2017-04-11 17:40:28,643 - org.eclipse.andmore.android.codesnippets - 0.5.0.201605181018
2017-04-11 17:40:28,644 - org.eclipse.andmore.android.db.core - 0.5.0.201605181018
2017-04-11 17:40:28,644 - org.eclipse.andmore.android.logger - 0.5.0.201605181018
2017-04-11 17:40:28,645 - org.eclipse.andmore.android - 0.5.0.201605181018
2017-04-11 17:40:28,646 - org.eclipse.andmore.android.emulator - 0.5.0.201605181018
2017-04-11 17:40:28,647 - org.eclipse.andmore.android.launch - 0.5.0.201605181018
2017-04-11 17:40:28,647 - org.eclipse.andmore.android.packaging.ui - 0.5.0.201605181018
2017-04-11 17:40:28,647 - org.eclipse.andmore.android.handset - 0.5.0.201605181018
2017-04-11 17:40:28,648 - org.eclipse.andmore.android.remote - 0.5.0.201605181018
2017-04-11 17:40:28,648 - org.eclipse.andmore.android.linux.x86_64 - 0.5.0.201605181018
2017-04-11 17:40:28,649 - org.eclipse.andmore.android.mat - 0.5.0.201605181018
2017-04-11 17:40:28,649 - org.eclipse.andmore.android.devices.services - 0.5.0.201605181018
2017-04-11 17:40:28,651 - org.eclipse.andmore.android.db.devices - 0.5.0.201605181018
2017-04-11 17:40:28,651 - org.eclipse.andmore.android.installer - 0.5.0.201605181018
2017-04-11 17:40:28,652 - org.eclipse.andmore.android.logger.collector - 0.5.0.201605181018
2017-04-11 17:40:28,654 - org.eclipse.emf.mapping.ui - 2.7.0.v20160526-0356
2017-04-11 17:40:28,657 - org.eclipse.mylyn.monitor.core - 3.21.0.v20160630-1702
2017-04-11 17:40:28,657 - org.eclipse.mylyn.monitor.ui - 3.21.0.v20160630-1702
2017-04-11 17:40:28,660 - org.eclipse.datatools.connectivity.oda.template.ui - 3.3.0.201603142002
2017-04-11 17:40:28,661 - org.eclipse.sequoyah.vnc.vncviewer - 2.1.0.N20120718-0509
2017-04-11 17:40:28,664 - org.eclipse.emf.codegen.ecore.ui - 2.12.0.v20160526-0356
2017-04-11 17:40:28,667 - org.eclipse.emf.ecore.editor - 2.12.0.v20160526-0356
2017-04-11 17:40:28,670 - org.eclipse.epp.package.android - 4.6.2.20161208-0625
2017-04-11 17:40:28,671 - org.eclipse.mylyn.builds.core - 1.13.0.v20160704-1634
2017-04-11 17:40:28,672 - org.eclipse.mylyn.builds.ui - 1.13.0.v20160725-1817
2017-04-11 17:40:28,674 - org.eclipse.mylyn.context.core - 3.21.0.v20160701-1337
2017-04-11 17:40:28,675 - org.eclipse.mylyn.context.ui - 3.21.0.v20160701-1337
2017-04-11 17:40:28,676 - org.eclipse.mylyn.resources.ui - 3.21.0.v20160701-1337
2017-04-11 17:40:28,676 - org.eclipse.mylyn.context.tasks.ui - 3.21.0.v20160815-2336
2017-04-11 17:40:28,679 - org.eclipse.emf.databinding - 1.3.0.v20160526-0356
2017-04-11 17:40:28,683 - org.eclipse.datatools.connectivity.sqm.core.ui - 1.3.0.201603142002
2017-04-11 17:40:28,683 - org.eclipse.datatools.connectivity.sqm.core - 1.3.0.201603142002
2017-04-11 17:40:28,684 - org.eclipse.datatools.connectivity.sqm.server.ui - 1.2.0.201603142002
2017-04-11 17:40:28,684 - org.eclipse.datatools.connectivity.ui.dse - 1.2.0.201603142002
2017-04-11 17:40:28,684 - org.eclipse.datatools.connectivity.ui - 1.3.0.201603142002
2017-04-11 17:40:28,684 - org.eclipse.datatools.connectivity - 1.13.0.201603142002
2017-04-11 17:40:28,684 - org.eclipse.datatools.help - 1.6.0.201603142002
2017-04-11 17:40:28,684 - org.eclipse.datatools.connectivity.console.profile - 1.1.0.201603142002
2017-04-11 17:40:28,686 - org.eclipse.oomph.setup - 1.6.0.v20161125-0947
2017-04-11 17:40:28,687 - org.eclipse.oomph.setup.edit - 1.6.0.v20161125-0947
2017-04-11 17:40:28,687 - org.eclipse.oomph.setup.core - 1.6.0.v20161128-0928
2017-04-11 17:40:28,688 - org.eclipse.oomph.setup.sync - 1.6.0.v20161019-0656
2017-04-11 17:40:28,688 - org.eclipse.oomph.setup.p2 - 1.6.0.v20161019-0656
2017-04-11 17:40:28,689 - org.eclipse.oomph.setup.p2.edit - 1.6.0.v20161019-0656
2017-04-11 17:40:28,689 - org.eclipse.oomph.preferences - 1.6.0.v20161019-0656
2017-04-11 17:40:28,690 - org.eclipse.oomph.jreinfo - 1.6.0.v20161019-0656
2017-04-11 17:40:28,690 - org.eclipse.oomph.extractor.lib - 1.3.0.v20161116-0647
2017-04-11 17:40:28,690 - org.apache.commons.logging - 1.1.1.v201101211721
2017-04-11 17:40:28,690 - org.apache.commons.codec - 1.6.0.v201305230611
2017-04-11 17:40:28,690 - org.apache.httpcomponents.httpclient - 4.3.6.v201511171540
2017-04-11 17:40:28,690 - org.apache.httpcomponents.httpcore - 4.3.3.v201411290715
2017-04-11 17:40:28,691 - org.eclipse.userstorage - 1.0.0.v20160524-0709
2017-04-11 17:40:28,692 - org.eclipse.userstorage.ui - 1.0.0.v20151216-0912
2017-04-11 17:52:17,124 - os.name - Linux
2017-04-11 17:52:17,128 - os.arch - amd64
2017-04-11 17:52:17,128 - os.version - 3.16.0-4-amd64
2017-04-11 17:52:17,128 - java.version - 1.8.0_111
2017-04-11 17:52:17,128 - java.vendor - Oracle Corporation
2017-04-11 17:52:17,128 - java.vendor.url - http://java.oracle.com/
2017-04-11 17:52:17,128 - java.home - /usr/lib/jvm/java-8-openjdk-amd64/jre
2017-04-11 17:52:17,128 - java.vm.specification.name - Java Virtual Machine Specification
2017-04-11 17:52:17,128 - java.vm.specification.vendor - Oracle Corporation
2017-04-11 17:52:17,128 - java.vm.specification.version - 1.8
2017-04-11 17:52:17,128 - java.class.path - /ark/linux64/eclipse64/eclipse-neon//plugins/org.eclipse.equinox.launcher_1.3.201.v20161025-1711.jar
2017-04-11 17:52:17,128 - java.library.path - /usr/java/packages/lib/amd64:/usr/lib/x86_64-linux-gnu/jni:/lib/x86_64-linux-gnu:/usr/lib/x86_64-linux-gnu:/usr/lib/jni:/lib:/usr/lib
2017-04-11 17:52:17,128 - --------------------------------------
2017-04-11 17:52:17,128 - ## Eclipse Plug-ins Log Information ##
2017-04-11 17:52:17,128 - --------------------------------------
2017-04-11 17:52:17,141 - javax.el - 2.2.0.v201303151357
2017-04-11 17:52:17,142 - javax.servlet - 3.1.0.v201410161800
2017-04-11 17:52:17,143 - javax.servlet.jsp - 2.2.0.v201112011158
2017-04-11 17:52:17,143 - com.sun.el - 2.2.0.v201303151357
2017-04-11 17:52:17,143 - org.apache.commons.logging - 1.1.1.v201101211721
2017-04-11 17:52:17,144 - org.apache.jasper.glassfish - 2.2.2.v201501141630
2017-04-11 17:52:17,145 - org.apache.lucene.analysis - 3.5.0.v20120725-1805
2017-04-11 17:52:17,145 - org.apache.lucene.core - 3.5.0.v20120725-1805
2017-04-11 17:52:17,146 - org.eclipse.equinox.http.jetty - 3.3.0.v20160324-1850
2017-04-11 17:52:17,146 - org.eclipse.equinox.http.registry - 1.1.400.v20150715-1528
2017-04-11 17:52:17,147 - org.eclipse.equinox.http.servlet - 1.3.1.v20160808-1329
2017-04-11 17:52:17,148 - org.eclipse.equinox.jsp.jasper - 1.0.500.v20150119-1358
2017-04-11 17:52:17,149 - org.eclipse.equinox.jsp.jasper.registry - 1.0.300.v20130327-1442
2017-04-11 17:52:17,152 - org.eclipse.help.base - 4.1.1.v20161124-1400
2017-04-11 17:52:17,156 - org.eclipse.help.ui - 4.0.200.v20160510-0758
2017-04-11 17:52:17,158 - org.eclipse.help.webapp - 3.8.0.v20160504-0839
2017-04-11 17:52:17,159 - org.eclipse.jetty.continuation - 9.3.9.v20160517
2017-04-11 17:52:17,160 - org.eclipse.jetty.http - 9.3.9.v20160517
2017-04-11 17:52:17,160 - org.eclipse.jetty.io - 9.3.9.v20160517
2017-04-11 17:52:17,161 - org.eclipse.jetty.security - 9.3.9.v20160517
2017-04-11 17:52:17,162 - org.eclipse.jetty.server - 9.3.9.v20160517
2017-04-11 17:52:17,164 - org.eclipse.jetty.servlet - 9.3.9.v20160517
2017-04-11 17:52:17,165 - org.eclipse.jetty.util - 9.3.9.v20160517
2017-04-11 17:52:17,168 - org.eclipse.core.net - 1.3.0.v20160418-1534
2017-04-11 17:52:17,168 - org.eclipse.equinox.security - 1.2.200.v20150715-1528
2017-04-11 17:52:17,173 - org.eclipse.mylyn.bugzilla.core - 3.21.0.v20160909-1813
2017-04-11 17:52:17,178 - org.eclipse.mylyn.bugzilla.ui - 3.21.0.v20160909-1813
2017-04-11 17:52:17,180 - org.eclipse.andmore.hierarchyviewer - 0.5.0.201605181018
2017-04-11 17:52:17,183 - org.eclipse.sequoyah.device.backward - 2.1.0.N20120718-0509
2017-04-11 17:52:17,183 - org.eclipse.sequoyah.device.framework - 2.1.0.N20120718-0509
2017-04-11 17:52:17,184 - org.eclipse.sequoyah.device.framework.ui - 2.1.0.N20120718-0509
2017-04-11 17:52:17,184 - org.eclipse.sequoyah.device.service.start - 2.1.0.N20120718-0509
2017-04-11 17:52:17,185 - org.eclipse.sequoyah.device.service.stop - 2.1.0.N20120718-0509
2017-04-11 17:52:17,185 - org.eclipse.sequoyah.device.framework.wizard - 2.1.0.N20120718-0509
2017-04-11 17:52:17,188 - org.eclipse.buildship.core - 1.0.21.v20161010-1640
2017-04-11 17:52:17,188 - org.eclipse.buildship.ui - 1.0.21.v20161010-1640
2017-04-11 17:52:17,188 - org.eclipse.buildship.branding - 1.0.21.v20161010-1640
2017-04-11 17:52:17,189 - org.eclipse.buildship.stsmigration - 1.0.21.v20161010-1640
2017-04-11 17:52:17,191 - org.eclipse.mylyn.tasks.core - 3.21.0.v20160914-0252
2017-04-11 17:52:17,203 - org.eclipse.mylyn.tasks.index.core - 3.21.0.v20160630-2019
2017-04-11 17:52:17,204 - org.eclipse.mylyn.tasks.index.ui - 3.21.0.v20160630-2019
2017-04-11 17:52:17,204 - org.eclipse.mylyn.tasks.search - 3.21.0.v20160630-2019
2017-04-11 17:52:17,205 - org.eclipse.mylyn.tasks.ui - 3.21.0.v20160913-2131
2017-04-11 17:52:17,209 - org.eclipse.egit.core - 4.4.1.201607150455-r
2017-04-11 17:52:17,210 - org.eclipse.egit.ui - 4.4.1.201607150455-r
2017-04-11 17:52:17,211 - org.eclipse.egit - 4.4.1.201607150455-r
2017-04-11 17:52:17,213 - org.eclipse.egit.doc - 4.4.1.201607150455-r
2017-04-11 17:52:17,218 - org.eclipse.aether.maven - 3.1.0.v20140706-2237
2017-04-11 17:52:17,227 - org.eclipse.gef - 3.11.0.201606061308
2017-04-11 17:52:17,230 - org.eclipse.mylyn.commons.identity.core - 1.13.0.v20160630-1702
2017-04-11 17:52:17,232 - org.eclipse.oomph.p2 - 1.6.0.v20161019-0656
2017-04-11 17:52:17,233 - org.eclipse.oomph.p2.core - 1.6.0.v20161111-1110
2017-04-11 17:52:17,233 - org.eclipse.oomph.p2.edit - 1.6.0.v20161019-0656
2017-04-11 17:52:17,234 - org.eclipse.oomph.p2.ui - 1.6.0.v20161128-0924
2017-04-11 17:52:17,234 - org.eclipse.oomph.p2.doc - 1.6.0.v20161019-0656
2017-04-11 17:52:17,238 - org.eclipse.datatools.enablement.sqlite - 1.1.0.201603142002
2017-04-11 17:52:17,239 - org.eclipse.datatools.enablement.sqlite.dbdefinition - 1.1.0.201603142002
2017-04-11 17:52:17,240 - org.eclipse.datatools.enablement.sqlite.ui - 1.1.0.201603142002
2017-04-11 17:52:17,240 - org.eclipse.datatools.enablement.finfo - 1.6.0.201603142002
2017-04-11 17:52:17,243 - org.eclipse.emf.codegen.ui - 2.6.0.v20160526-0356
2017-04-11 17:52:17,247 - org.eclipse.mylyn.commons.notifications.core - 1.13.0.v20160630-1702
2017-04-11 17:52:17,248 - org.eclipse.mylyn.commons.notifications.feed - 1.13.0.v20160721-2347
2017-04-11 17:52:17,248 - org.eclipse.mylyn.commons.notifications.ui - 1.13.0.v20160630-1702
2017-04-11 17:52:17,251 - org.eclipse.emf.converter - 2.7.0.v20160526-0356
2017-04-11 17:52:17,251 - org.eclipse.emf.importer - 2.9.0.v20160526-0356
2017-04-11 17:52:17,252 - org.eclipse.emf.exporter - 2.7.0.v20160526-0356
2017-04-11 17:52:17,252 - org.eclipse.emf.importer.ecore - 2.8.0.v20160526-0356
2017-04-11 17:52:17,253 - org.eclipse.emf.importer.java - 2.7.0.v20160526-0356
2017-04-11 17:52:17,254 - org.eclipse.emf.importer.rose - 2.8.0.v20160526-0356
2017-04-11 17:52:17,255 - org.eclipse.emf.edit.ui - 2.12.0.v20160526-0356
2017-04-11 17:52:17,260 - org.eclipse.help - 3.7.0.v20160602-1307
2017-04-11 17:52:17,261 - org.eclipse.ui - 3.108.1.v20160929-1045
2017-04-11 17:52:17,261 - org.eclipse.ui.workbench - 3.108.2.v20161025-2029
2017-04-11 17:52:17,261 - org.eclipse.update.configurator - 3.3.400.v20160506-0750
2017-04-11 17:52:17,261 - org.eclipse.rcp - 4.6.2.v20161124-1400
2017-04-11 17:52:17,265 - org.eclipse.recommenders.rcp - 2.4.5.v20161130-1427
2017-04-11 17:52:17,265 - org.eclipse.recommenders.apidocs - 2.4.5.v20161130-1427
2017-04-11 17:52:17,266 - org.eclipse.recommenders.apidocs.rcp - 2.4.5.v20161130-1427
2017-04-11 17:52:17,268 - org.eclipse.recommenders.calls - 2.4.5.v20161130-1427
2017-04-11 17:52:17,268 - org.eclipse.recommenders.calls.rcp - 2.4.5.v20161130-1427
2017-04-11 17:52:17,269 - org.eclipse.recommenders.chain.rcp - 2.4.5.v20161130-1427
2017-04-11 17:52:17,269 - org.eclipse.recommenders.completion.rcp - 2.4.5.v20161130-1427
2017-04-11 17:52:17,270 - org.eclipse.recommenders.constructors - 2.4.5.v20161130-1427
2017-04-11 17:52:17,271 - org.eclipse.recommenders.constructors.rcp - 2.4.5.v20161130-1427
2017-04-11 17:52:17,271 - org.eclipse.recommenders.coordinates - 2.4.5.v20161130-1427
2017-04-11 17:52:17,272 - org.eclipse.recommenders.coordinates.rcp - 2.4.5.v20161130-1427
2017-04-11 17:52:17,272 - org.eclipse.recommenders.injection - 2.4.5.v20161130-1427
2017-04-11 17:52:17,273 - org.eclipse.recommenders.jayes - 2.4.5.v20161130-1427
2017-04-11 17:52:17,273 - org.eclipse.recommenders.jayes.io - 2.4.5.v20161130-1427
2017-04-11 17:52:17,273 - org.eclipse.recommenders.jdt - 2.4.5.v20161130-1427
2017-04-11 17:52:17,274 - org.eclipse.recommenders.models - 2.4.5.v20161130-1427
2017-04-11 17:52:17,274 - org.eclipse.recommenders.models.rcp - 2.4.5.v20161130-1427
2017-04-11 17:52:17,275 - org.eclipse.recommenders.net - 2.4.5.v20161130-1427
2017-04-11 17:52:17,275 - org.eclipse.recommenders.overrides - 2.4.5.v20161130-1427
2017-04-11 17:52:17,276 - org.eclipse.recommenders.overrides.rcp - 2.4.5.v20161130-1427
2017-04-11 17:52:17,276 - org.eclipse.recommenders.subwords.rcp - 2.4.5.v20161130-1427
2017-04-11 17:52:17,277 - org.eclipse.recommenders.types.rcp - 2.4.5.v20161130-1427
2017-04-11 17:52:17,277 - org.eclipse.recommenders.utils - 2.4.5.v20161130-1427
2017-04-11 17:52:17,277 - org.eclipse.recommenders.utils.rcp - 2.4.5.v20161130-1427
2017-04-11 17:52:17,280 - org.eclipse.mylyn.commons.repositories.http.core - 1.13.0.v20160630-1702
2017-04-11 17:52:17,282 - org.eclipse.datatools.connectivity.oda.design.ui - 3.3.0.201603142002
2017-04-11 17:52:17,284 - org.eclipse.datatools.connectivity.ui.dse - 1.2.0.201603142002
2017-04-11 17:52:17,291 - org.eclipse.datatools.connectivity.ui - 1.3.0.201603142002
2017-04-11 17:52:17,291 - org.eclipse.datatools.connectivity.sqm.core - 1.3.0.201603142002
2017-04-11 17:52:17,292 - org.eclipse.datatools.help - 1.6.0.201603142002
2017-04-11 17:52:17,296 - org.eclipse.jdt - 3.12.2.v20161124-1400
2017-04-11 17:52:17,296 - org.eclipse.ant.ui - 3.6.201.v20161115-1135
2017-04-11 17:52:17,297 - org.eclipse.jdt.apt.core - 3.4.100.v20160525-0952
2017-04-11 17:52:17,298 - org.eclipse.jdt.apt.ui - 3.4.100.v20160418-1457
2017-04-11 17:52:17,298 - org.eclipse.jdt.apt.pluggable.core - 1.1.100.v20160418-1457
2017-04-11 17:52:17,299 - org.eclipse.jdt.compiler.apt - 1.2.100.v20160418-1457
2017-04-11 17:52:17,299 - org.eclipse.jdt.compiler.tool - 1.1.100.v20160418-1457
2017-04-11 17:52:17,300 - org.eclipse.jdt.core - 3.12.2.v20161117-1814
2017-04-11 17:52:17,300 - org.eclipse.jdt.annotation - 2.1.0.v20160418-1457
2017-04-11 17:52:17,300 - org.eclipse.jdt.annotation - 2.1.0.v20160418-1457
2017-04-11 17:52:17,301 - org.eclipse.jdt.core.manipulation - 1.7.0.v20160419-0705
2017-04-11 17:52:17,304 - org.eclipse.jdt.debug.ui - 3.7.201.v20160811-0450
2017-04-11 17:52:17,309 - org.eclipse.jdt.debug - 3.10.1.v20160811-0441
2017-04-11 17:52:17,310 - org.eclipse.jdt.junit - 3.9.0.v20160421-1701
2017-04-11 17:52:17,317 - org.eclipse.jdt.junit.core - 3.8.0.v20160421-1701
2017-04-11 17:52:17,318 - org.eclipse.jdt.junit.runtime - 3.4.600.v20160505-0715
2017-04-11 17:52:17,319 - org.eclipse.jdt.junit4.runtime - 1.1.600.v20160505-0715
2017-04-11 17:52:17,319 - org.eclipse.jdt.launching - 3.8.101.v20161111-2014
2017-04-11 17:52:17,321 - org.eclipse.jdt.ui - 3.12.2.v20160929-0804
2017-04-11 17:52:17,335 - org.junit - 4.12.0.v201504281640
2017-04-11 17:52:17,336 - org.hamcrest.core - 1.3.0.v201303031735
2017-04-11 17:52:17,336 - org.eclipse.jdt.doc.user - 3.12.1.v20160727-2009
2017-04-11 17:52:17,337 - org.eclipse.ant.launching - 1.1.201.v20161115-1135
2017-04-11 17:52:17,339 - org.eclipse.emf.common - 2.12.0.v20160420-0247
2017-04-11 17:52:17,341 - org.eclipse.sequoyah.vnc.vncviewer.vncviews - 2.1.0.N20120718-0509
2017-04-11 17:52:17,344 - org.eclipse.egit.mylyn.ui - 4.4.1.201607150455-r
2017-04-11 17:52:17,346 - org.eclipse.datatools.sqltools.common.ui - 1.1.0.201603142002
2017-04-11 17:52:17,346 - org.eclipse.datatools.sqltools.debugger.core - 1.1.0.201603142002
2017-04-11 17:52:17,347 - org.eclipse.datatools.sqltools.editor.core - 1.1.0.201603142002
2017-04-11 17:52:17,347 - org.eclipse.datatools.sqltools.plan - 1.1.0.201603142002
2017-04-11 17:52:17,348 - org.eclipse.datatools.sqltools.routineeditor - 1.1.0.201603142002
2017-04-11 17:52:17,348 - org.eclipse.datatools.sqltools.sql - 1.1.0.201603142002
2017-04-11 17:52:17,349 - org.eclipse.datatools.sqltools.sqleditor - 1.1.0.201603142002
2017-04-11 17:52:17,349 - org.eclipse.datatools.sqltools.sqlscrapbook - 1.1.0.201603142002
2017-04-11 17:52:17,349 - org.eclipse.datatools.help - 1.6.0.201603142002
2017-04-11 17:52:17,350 - org.eclipse.datatools.sqltools.db.generic - 1.1.0.201603142002
2017-04-11 17:52:17,350 - org.eclipse.datatools.sqltools.debugger.core.ui - 1.1.0.201603142002
2017-04-11 17:52:17,351 - org.eclipse.datatools.sqltools.editor.core.ui - 1.1.0.201603142002
2017-04-11 17:52:17,352 - org.eclipse.datatools.sqltools.result.ui - 1.2.0.201603142002
2017-04-11 17:52:17,353 - org.eclipse.datatools.sqltools.routineeditor.ui - 1.1.0.201603142002
2017-04-11 17:52:17,353 - org.eclipse.datatools.sqltools.sql.ui - 1.1.0.201603142002
2017-04-11 17:52:17,356 - org.objectweb.asm - 5.0.1.v201404251740
2017-04-11 17:52:17,356 - org.eclipse.andmore - 0.5.0.201605181018
2017-04-11 17:52:17,356 - org.eclipse.andmore.base - 0.5.0.201605181018
2017-04-11 17:52:17,359 - org.eclipse.andmore.ddms - 0.5.0.201605181018
2017-04-11 17:52:17,359 - org.eclipse.andmore.overlay - 0.5.0.201605181018
2017-04-11 17:52:17,360 - org.apache.commons.codec - 1.6.0.v201305230611
2017-04-11 17:52:17,361 - org.apache.commons.compress - 1.6.0.v201310281400
2017-04-11 17:52:17,362 - org.apache.httpcomponents.httpclient - 4.3.6.v201511171540
2017-04-11 17:52:17,363 - org.apache.httpcomponents.httpcore - 4.3.3.v201411290715
2017-04-11 17:52:17,366 - org.eclipse.datatools.modelbase.dbdefinition - 1.1.0.201603142002
2017-04-11 17:52:17,367 - org.eclipse.datatools.modelbase.sql.edit - 1.1.0.201603142002
2017-04-11 17:52:17,367 - org.eclipse.datatools.modelbase.sql.query - 1.2.0.201603142002
2017-04-11 17:52:17,368 - org.eclipse.datatools.modelbase.sql.query.edit - 1.1.0.201603142002
2017-04-11 17:52:17,369 - org.eclipse.datatools.modelbase.sql.xml.query - 1.1.0.201603142002
2017-04-11 17:52:17,369 - org.eclipse.datatools.modelbase.sql - 1.1.0.201603142002
2017-04-11 17:52:17,372 - org.eclipse.emf.mapping - 2.9.0.v20160526-0356
2017-04-11 17:52:17,374 - org.eclipse.oomph.setup.editor - 1.6.0.v20161125-1207
2017-04-11 17:52:17,374 - org.eclipse.oomph.setup.ui - 1.6.0.v20161128-0851
2017-04-11 17:52:17,375 - org.eclipse.oomph.setup.doc - 1.6.0.v20161019-0656
2017-04-11 17:52:17,375 - org.eclipse.oomph.setup.ui.questionnaire - 1.6.0.v20161019-0656
2017-04-11 17:52:17,376 - org.eclipse.oomph.jreinfo.ui - 1.6.0.v20161019-0656
2017-04-11 17:52:17,377 - org.eclipse.emf.ecore - 2.12.0.v20160420-0247
2017-04-11 17:52:17,378 - org.eclipse.emf.ecore.change - 2.11.0.v20160420-0247
2017-04-11 17:52:17,378 - org.eclipse.emf.ecore.xmi - 2.12.0.v20160420-0247
2017-04-11 17:52:17,380 - org.eclipse.jgit - 4.4.1.201607150455-r
2017-04-11 17:52:17,381 - org.eclipse.jgit.archive - 4.4.1.201607150455-r
2017-04-11 17:52:17,382 - com.jcraft.jsch - 0.1.53.v201508180515
2017-04-11 17:52:17,383 - javaewah - 0.7.9.v201605172130
2017-04-11 17:52:17,383 - org.apache.commons.compress - 1.6.0.v201310281400
2017-04-11 17:52:17,383 - org.slf4j.api - 1.7.2.v20121108-1250
2017-04-11 17:52:17,384 - org.slf4j.impl.log4j12 - 1.7.2.v20131105-2200
2017-04-11 17:52:17,386 - org.apache.log4j - 1.2.15.v201012070815
2017-04-11 17:52:17,394 - org.eclipse.mylyn.wikitext.core - 2.10.1.v20161129-1925
2017-04-11 17:52:17,394 - org.eclipse.mylyn.wikitext.core.ant - 2.10.1.v20161129-1925
2017-04-11 17:52:17,395 - org.eclipse.mylyn.wikitext.core.osgi - 2.10.1.v20161129-1925
2017-04-11 17:52:17,395 - org.eclipse.mylyn.wikitext.textile.core - 2.10.1.v20161129-1925
2017-04-11 17:52:17,396 - org.eclipse.mylyn.wikitext.html.core - 2.10.1.v20161129-1925
2017-04-11 17:52:17,397 - org.eclipse.mylyn.wikitext.markdown.core - 2.10.1.v20161129-1925
2017-04-11 17:52:17,398 - org.eclipse.mylyn.wikitext.mediawiki.core - 2.10.1.v20161129-1925
2017-04-11 17:52:17,398 - org.eclipse.mylyn.wikitext.mediawiki.core.ant - 2.10.1.v20161129-1925
2017-04-11 17:52:17,399 - org.eclipse.mylyn.wikitext.confluence.core - 2.10.1.v20161129-1925
2017-04-11 17:52:17,399 - org.eclipse.mylyn.wikitext.tracwiki.core - 2.10.1.v20161129-1925
2017-04-11 17:52:17,400 - org.eclipse.mylyn.wikitext.twiki.core - 2.10.1.v20161129-1925
2017-04-11 17:52:17,401 - org.eclipse.mylyn.wikitext.ui - 2.10.1.v20161129-1925
2017-04-11 17:52:17,401 - org.eclipse.mylyn.wikitext.help.ui - 2.10.1.v20161129-1925
2017-04-11 17:52:17,402 - org.eclipse.mylyn.wikitext.textile.ui - 2.10.1.v20161129-1925
2017-04-11 17:52:17,403 - org.eclipse.mylyn.wikitext.markdown.ui - 2.10.1.v20161129-1925
2017-04-11 17:52:17,403 - org.eclipse.mylyn.wikitext.mediawiki.ui - 2.10.1.v20161129-1925
2017-04-11 17:52:17,404 - org.eclipse.mylyn.wikitext.confluence.ui - 2.10.1.v20161129-1925
2017-04-11 17:52:17,404 - org.eclipse.mylyn.wikitext.tracwiki.ui - 2.10.1.v20161129-1925
2017-04-11 17:52:17,405 - org.eclipse.mylyn.wikitext.twiki.ui - 2.10.1.v20161129-1925
2017-04-11 17:52:17,407 - org.eclipse.mylyn.wikitext.tasks.ui - 2.10.1.v20161129-1925
2017-04-11 17:52:17,409 - org.eclipse.mylyn.wikitext.context.ui - 2.10.1.v20161129-1925
2017-04-11 17:52:17,409 - org.eclipse.mylyn.wikitext.asciidoc.core - 2.10.1.v20161129-1925
2017-04-11 17:52:17,410 - org.eclipse.mylyn.wikitext.asciidoc.ui - 2.10.1.v20161129-1925
2017-04-11 17:52:17,412 - org.eclipse.emf.mapping.ecore.editor - 2.6.0.v20160526-0356
2017-04-11 17:52:17,413 - org.eclipse.emf.mapping.ecore2ecore.editor - 2.7.0.v20160526-0356
2017-04-11 17:52:17,413 - org.eclipse.emf.mapping.ecore2xml.ui - 2.8.0.v20160526-0356
2017-04-11 17:52:17,415 - org.eclipse.recommenders.mylyn.rcp - 2.4.5.v20161130-1427
2017-04-11 17:52:17,435 - org.apache.ant - 1.9.6.v201510161327
2017-04-11 17:52:17,435 - org.eclipse.ant.core - 3.4.100.v20160505-0642
2017-04-11 17:52:17,435 - com.jcraft.jsch - 0.1.53.v201508180515
2017-04-11 17:52:17,436 - org.eclipse.compare.core - 3.6.0.v20160418-1534
2017-04-11 17:52:17,437 - org.eclipse.compare - 3.7.0.v20161024-1724
2017-04-11 17:52:17,441 - org.eclipse.core.filebuffers - 3.6.0.v20160503-1849
2017-04-11 17:52:17,442 - org.eclipse.core.filesystem - 1.6.1.v20161113-2349
2017-04-11 17:52:17,442 - org.eclipse.core.net - 1.3.0.v20160418-1534
2017-04-11 17:52:17,442 - org.eclipse.core.net.linux.x86_64 - 1.2.0.v20160323-1650
2017-04-11 17:52:17,443 - org.eclipse.core.resources - 3.11.1.v20161107-2032
2017-04-11 17:52:17,443 - org.eclipse.osgi.util - 3.3.100.v20150423-1351
2017-04-11 17:52:17,444 - org.eclipse.debug.core - 3.10.100.v20160419-1720
2017-04-11 17:52:17,444 - org.eclipse.debug.ui - 3.11.202.v20161114-0338
2017-04-11 17:52:17,445 - org.eclipse.equinox.event - 1.3.200.v20160324-1850
2017-04-11 17:52:17,445 - org.eclipse.ltk.core.refactoring - 3.7.0.v20160419-0705
2017-04-11 17:52:17,445 - org.eclipse.ltk.ui.refactoring - 3.8.0.v20160518-1817
2017-04-11 17:52:17,445 - org.eclipse.platform - 4.6.2.v20161124-1400
2017-04-11 17:52:17,446 - org.eclipse.platform.doc.user - 4.6.1.v20160727-2009
2017-04-11 17:52:17,446 - org.eclipse.search - 3.11.1.v20161113-1700
2017-04-11 17:52:17,447 - org.eclipse.team.core - 3.8.0.v20160418-1534
2017-04-11 17:52:17,447 - org.eclipse.team.ui - 3.8.0.v20160518-1906
2017-04-11 17:52:17,447 - org.eclipse.text - 3.6.0.v20160503-1849
2017-04-11 17:52:17,448 - org.eclipse.jface.text - 3.11.2.v20161113-1700
2017-04-11 17:52:17,448 - org.eclipse.jsch.core - 1.3.0.v20160422-1917
2017-04-11 17:52:17,448 - org.eclipse.jsch.ui - 1.3.0.v20160323-1650
2017-04-11 17:52:17,449 - org.eclipse.ui.console - 3.6.201.v20161107-0337
2017-04-11 17:52:17,449 - org.eclipse.ui.intro - 3.5.2.v20161116-1147
2017-04-11 17:52:17,450 - org.eclipse.ui.intro.universal - 3.3.1.v20160829-1558
2017-04-11 17:52:17,450 - org.eclipse.ui.cheatsheets - 3.5.0.v20160504-0839
2017-04-11 17:52:17,451 - org.eclipse.ui.browser - 3.5.2.v20161114-0210
2017-04-11 17:52:17,451 - org.eclipse.ui.monitoring - 1.1.1.v20161028-1850
2017-04-11 17:52:17,452 - org.eclipse.ui.navigator - 3.6.101.v20161006-1120
2017-04-11 17:52:17,452 - org.eclipse.ui.navigator.resources - 3.5.101.v20161006-0640
2017-04-11 17:52:17,452 - org.eclipse.ui.net - 1.3.0.v20160426-1633
2017-04-11 17:52:17,453 - org.eclipse.ui.workbench.texteditor - 3.10.1.v20160818-1626
2017-04-11 17:52:17,453 - org.eclipse.ui.views - 3.8.101.v20160816-1954
2017-04-11 17:52:17,454 - org.eclipse.ui.editors - 3.10.1.v20161106-1856
2017-04-11 17:52:17,454 - org.eclipse.ui.externaltools - 3.3.100.v20160518-1858
2017-04-11 17:52:17,455 - org.eclipse.ui.ide - 3.12.2.v20161115-1450
2017-04-11 17:52:17,455 - org.eclipse.ui.ide.application - 1.1.101.v20160829-0827
2017-04-11 17:52:17,455 - org.eclipse.core.filesystem.linux.x86_64 - 1.2.200.v20140124-1940
2017-04-11 17:52:17,456 - org.eclipse.core.variables - 3.3.0.v20160419-1720
2017-04-11 17:52:17,456 - org.eclipse.ui.forms - 3.7.0.v20160518-1929
2017-04-11 17:52:17,457 - org.eclipse.ui.views.properties.tabbed - 3.7.0.v20160310-0903
2017-04-11 17:52:17,457 - org.eclipse.equinox.security - 1.2.200.v20150715-1528
2017-04-11 17:52:17,457 - org.eclipse.equinox.security.ui - 1.1.300.v20150803-1225
2017-04-11 17:52:17,459 - org.eclipse.core.externaltools - 1.0.400.v20160509-1057
2017-04-11 17:52:17,459 - org.eclipse.ui.themes - 1.1.300.v20161107-1827
2017-04-11 17:52:17,459 - org.eclipse.core.runtime - 3.12.0.v20160606-1342
2017-04-11 17:52:17,461 - org.eclipse.ui.intro.quicklinks - 1.0.0.v20160515-0255
2017-04-11 17:52:17,464 - org.eclipse.mylyn.discovery.core - 3.21.0.v20160729-1739
2017-04-11 17:52:17,464 - org.eclipse.mylyn.discovery.ui - 3.21.0.v20160630-1702
2017-04-11 17:52:17,468 - org.eclipse.emf.ecore.edit - 2.9.0.v20160526-0356
2017-04-11 17:52:17,468 - org.eclipse.emf.ecore.change.edit - 2.6.0.v20160526-0356
2017-04-11 17:52:17,475 - org.eclipse.sequoyah.vnc.protocol - 2.1.0.N20120718-0509
2017-04-11 17:52:17,477 - org.eclipse.mylyn.versions.core - 1.13.0.v20160630-2022
2017-04-11 17:52:17,478 - org.eclipse.mylyn.versions.ui - 1.13.0.v20160630-2022
2017-04-11 17:52:17,481 - org.eclipse.emf.mapping.ecore - 2.6.0.v20160526-0356
2017-04-11 17:52:17,481 - org.eclipse.emf.mapping.ecore2ecore - 2.9.0.v20160526-0356
2017-04-11 17:52:17,482 - org.eclipse.emf.mapping.ecore2xml - 2.9.0.v20160526-0356
2017-04-11 17:52:17,484 - org.eclipse.andmore.traceview - 0.5.0.201605181018
2017-04-11 17:52:17,486 - org.eclipse.sequoyah.localization.android - 2.1.0.N20120718-0509
2017-04-11 17:52:17,487 - org.eclipse.sequoyah.localization.android.help - 2.1.1.N20120718-0509
2017-04-11 17:52:17,489 - org.eclipse.m2e.logback.configuration - 1.7.0.20160603-1933
2017-04-11 17:52:17,490 - org.eclipse.m2e.logback.appender - 1.7.0.20160603-1933
2017-04-11 17:52:17,497 - org.eclipse.emf.codegen - 2.11.0.v20160526-0356
2017-04-11 17:52:17,499 - org.eclipse.wst.dtd.ui - 1.0.801.v201308100602
2017-04-11 17:52:17,500 - org.eclipse.wst.dtd.ui.infopop - 1.0.400.v201309112106
2017-04-11 17:52:17,502 - org.eclipse.wst.sse.ui.infopop - 1.0.300.v201309112106
2017-04-11 17:52:17,502 - org.eclipse.wst.xml.ui.infopop - 1.0.400.v201309112106
2017-04-11 17:52:17,503 - org.eclipse.wst.sse.ui - 1.3.500.v201605120129
2017-04-11 17:52:17,503 - org.eclipse.wst.xml.ui - 1.1.700.v201604272318
2017-04-11 17:52:17,504 - org.eclipse.wst.xsd.ui - 1.2.600.v201511240159
2017-04-11 17:52:17,507 - org.eclipse.emf - 2.6.0.v20160526-0356
2017-04-11 17:52:17,509 - org.eclipse.datatools.doc.user - 1.7.0.20090521092446
2017-04-11 17:52:17,509 - org.eclipse.datatools.oda.cshelp - 1.2.0.201603142002
2017-04-11 17:52:17,509 - org.eclipse.datatools.help - 1.6.0.201603142002
2017-04-11 17:52:17,511 - org.eclipse.mylyn.tasks.bugs - 3.21.0.v20160929-1805
2017-04-11 17:52:17,512 - org.eclipse.mylyn.help.ui - 3.21.0.v20160913-2013
2017-04-11 17:52:17,515 - org.eclipse.draw2d - 3.10.100.201606061308
2017-04-11 17:52:17,516 - org.eclipse.emf.edit - 2.12.0.v20160526-0356
2017-04-11 17:52:17,518 - org.eclipse.mylyn.commons.core - 3.21.0.v20160707-1856
2017-04-11 17:52:17,519 - org.eclipse.mylyn.commons.screenshots - 3.21.0.v20160630-1702
2017-04-11 17:52:17,520 - org.eclipse.mylyn.commons.ui - 3.21.0.v20160630-1702
2017-04-11 17:52:17,520 - org.eclipse.mylyn.commons.workbench - 3.21.0.v20160630-1702
2017-04-11 17:52:17,523 - org.eclipse.mylyn.bugzilla.ide - 3.21.0.v20160912-1820
2017-04-11 17:52:17,523 - org.eclipse.mylyn.ide.ui - 3.21.0.v20160701-1337
2017-04-11 17:52:17,525 - org.eclipse.emf.databinding.edit - 1.3.0.v20160526-0356
2017-04-11 17:52:17,527 - org.eclipse.emf.codegen.ecore - 2.12.0.v20160526-0356
2017-04-11 17:52:17,528 - org.eclipse.emf.ant - 2.8.0.v20160526-0356
2017-04-11 17:52:17,540 - org.eclipse.m2e.archetype.common - 1.7.0.20160603-1931
2017-04-11 17:52:17,543 - org.eclipse.m2e.maven.indexer - 1.7.0.20160603-1931
2017-04-11 17:52:17,545 - org.eclipse.m2e.model.edit - 1.7.0.20160603-1933
2017-04-11 17:52:17,545 - org.eclipse.m2e.core - 1.7.0.20160603-1933
2017-04-11 17:52:17,546 - org.eclipse.m2e.launching - 1.7.0.20160603-1933
2017-04-11 17:52:17,546 - org.eclipse.m2e.workspace.cli - 0.3.1
2017-04-11 17:52:17,547 - org.eclipse.m2e.jdt - 1.7.0.20160603-1933
2017-04-11 17:52:17,547 - org.eclipse.m2e.editor - 1.7.0.20160603-1933
2017-04-11 17:52:17,548 - org.eclipse.m2e.editor.xml - 1.7.0.20160603-1933
2017-04-11 17:52:17,568 - org.eclipse.m2e.maven.runtime - 1.7.0.20160603-1931
2017-04-11 17:52:17,571 - org.eclipse.m2e.maven.runtime.slf4j.simple - 1.7.0.20160603-1931
2017-04-11 17:52:17,571 - org.eclipse.m2e.refactoring - 1.7.0.20160603-1933
2017-04-11 17:52:17,571 - org.eclipse.m2e.lifecyclemapping.defaults - 1.7.0.20160603-1933
2017-04-11 17:52:17,572 - org.eclipse.m2e.discovery - 1.7.0.20160603-1933
2017-04-11 17:52:17,572 - org.eclipse.m2e.core.ui - 1.7.0.20160603-1933
2017-04-11 17:52:17,573 - org.eclipse.m2e.scm - 1.7.0.20160603-1933
2017-04-11 17:52:17,573 - org.eclipse.m2e.jdt.ui - 1.7.0.20160603-1933
2017-04-11 17:52:17,573 - org.eclipse.m2e.profiles.core - 1.7.0.20160603-1933
2017-04-11 17:52:17,574 - org.eclipse.m2e.profiles.ui - 1.7.0.20160603-1933
2017-04-11 17:52:17,574 - org.eclipse.m2e.importer - 1.7.0.20160603-1933
2017-04-11 17:52:17,576 - org.eclipse.andmore.ndk - 0.5.0.201605181018
2017-04-11 17:52:17,578 - org.eclipse.andmore.gldebugger - 0.5.0.201605181018
2017-04-11 17:52:17,581 - org.eclipse.mylyn.hudson.core - 1.13.0.v20160806-1446
2017-04-11 17:52:17,582 - org.eclipse.mylyn.hudson.ui - 1.13.0.v20160704-1634
2017-04-11 17:52:17,584 - org.eclipse.epp.mpc.core - 1.5.3.v20161116-1851
2017-04-11 17:52:17,585 - org.eclipse.epp.mpc.ui - 1.5.3.v20161116-1851
2017-04-11 17:52:17,585 - org.eclipse.epp.mpc.help.ui - 1.5.3.v20161116-1851
2017-04-11 17:52:17,585 - org.apache.httpcomponents.httpclient - 4.3.6.v201511171540
2017-04-11 17:52:17,585 - org.apache.httpcomponents.httpcore - 4.3.3.v201411290715
2017-04-11 17:52:17,587 - org.eclipse.mylyn.git.core - 1.13.0.v20160630-2022
2017-04-11 17:52:17,588 - org.eclipse.mylyn.git.ui - 1.13.0.v20160630-2022
2017-04-11 17:52:17,593 - org.eclipse.datatools.connectivity.oda.consumer - 3.3.0.201603142002
2017-04-11 17:52:17,593 - org.eclipse.datatools.connectivity.oda.design - 3.4.0.201603142002
2017-04-11 17:52:17,594 - org.eclipse.datatools.connectivity.oda.profile - 3.3.0.201603142002
2017-04-11 17:52:17,594 - org.eclipse.datatools.connectivity.oda - 3.5.0.201603142002
2017-04-11 17:52:17,594 - org.eclipse.datatools.connectivity - 1.13.0.201603142002
2017-04-11 17:52:17,596 - org.eclipse.andmore.android.certmanager - 0.5.0.201605181018
2017-04-11 17:52:17,599 - org.eclipse.recommenders.snipmatch - 2.4.5.v20161130-1427
2017-04-11 17:52:17,599 - org.eclipse.recommenders.snipmatch.rcp - 2.4.5.v20161130-1427
2017-04-11 17:52:17,602 - org.eclipse.cdt.gdb - 7.0.0.201606062011
2017-04-11 17:52:17,602 - org.eclipse.cdt.gdb.ui - 7.0.0.201606062011
2017-04-11 17:52:17,604 - org.eclipse.pde - 3.12.2.v20161124-1400
2017-04-11 17:52:17,609 - org.eclipse.pde.build - 3.9.200.v20160204-0642
2017-04-11 17:52:17,609 - org.eclipse.pde.core - 3.11.1.v20161115-1951
2017-04-11 17:52:17,610 - org.eclipse.pde.junit.runtime - 3.5.0.v20151013-0625
2017-04-11 17:52:17,610 - org.eclipse.pde.runtime - 3.5.0.v20160418-1724
2017-04-11 17:52:17,611 - org.eclipse.pde.ui - 3.9.100.v20161102-0517
2017-04-11 17:52:17,611 - org.eclipse.pde.doc.user - 3.12.2.v20161123-1159
2017-04-11 17:52:17,612 - org.eclipse.pde.ui.templates - 3.6.0.v20160424-1948
2017-04-11 17:52:17,613 - org.eclipse.ui.views.log - 1.2.1.v20160829-0826
2017-04-11 17:52:17,613 - org.objectweb.asm - 5.0.1.v201404251740
2017-04-11 17:52:17,613 - org.objectweb.asm.tree - 5.0.1.v201404251740
2017-04-11 17:52:17,614 - org.eclipse.pde.api.tools - 1.1.2.v20161115-0549
2017-04-11 17:52:17,614 - org.eclipse.pde.api.tools.annotations - 1.0.100.v20160418-1724
2017-04-11 17:52:17,615 - org.eclipse.pde.api.tools.ui - 1.1.0.v20160519-0701
2017-04-11 17:52:17,615 - org.eclipse.pde.ds.core - 1.1.0.v20151201-1325
2017-04-11 17:52:17,616 - org.eclipse.pde.ds.ui - 1.1.0.v20160518-1843
2017-04-11 17:52:17,616 - org.eclipse.pde.launching - 3.6.401.v20161115-0549
2017-04-11 17:52:17,617 - org.eclipse.pde.ua.core - 1.0.500.v20160204-0642
2017-04-11 17:52:17,617 - org.eclipse.pde.ua.ui - 1.1.0.v20160518-1843
2017-04-11 17:52:17,617 - org.eclipse.ui.trace - 1.0.400.v20160509-1055
2017-04-11 17:52:17,618 - org.eclipse.pde.ds.annotations - 1.0.0.v20160525-1437
2017-04-11 17:52:17,620 - org.eclipse.sequoyah.localization.tools - 2.1.0.N20120718-0509
2017-04-11 17:52:17,620 - org.eclipse.sequoyah.localization.editor - 2.1.0.N20120718-0509
2017-04-11 17:52:17,622 - net.sourceforge.lpg.lpgjavaruntime - 1.1.0.v201004271650
2017-04-11 17:52:17,623 - org.eclipse.datatools.sqltools.parsers.sql.lexer - 1.1.0.201603142002
2017-04-11 17:52:17,623 - org.eclipse.datatools.sqltools.parsers.sql.query - 1.3.0.201603142002
2017-04-11 17:52:17,624 - org.eclipse.datatools.sqltools.parsers.sql.xml.query - 1.1.0.201603142002
2017-04-11 17:52:17,624 - org.eclipse.datatools.sqltools.parsers.sql - 1.1.0.201603142002
2017-04-11 17:52:17,626 - org.eclipse.mylyn.java.ui - 3.21.0.v20160701-1337
2017-04-11 17:52:17,627 - org.eclipse.mylyn.java.tasks - 3.21.0.v20160701-1337
2017-04-11 17:52:17,627 - org.eclipse.mylyn.ide.ui - 3.21.0.v20160701-1337
2017-04-11 17:52:17,627 - org.eclipse.mylyn.ide.ant - 3.21.0.v20160701-1337
2017-04-11 17:52:17,628 - org.eclipse.mylyn.debug.ui - 3.21.0.v20160701-1337
2017-04-11 17:52:17,636 - org.eclipse.mylyn.team.ui - 3.21.0.v20160701-1337
2017-04-11 17:52:17,639 - org.eclipse.datatools.sqltools.sql - 1.1.0.201603142002
2017-04-11 17:52:17,639 - org.eclipse.datatools.sqltools.common.ui - 1.1.0.201603142002
2017-04-11 17:52:17,639 - org.eclipse.datatools.sqltools.plan - 1.1.0.201603142002
2017-04-11 17:52:17,639 - org.eclipse.datatools.sqltools.editor.core - 1.1.0.201603142002
2017-04-11 17:52:17,639 - org.eclipse.datatools.sqltools.sqleditor - 1.1.0.201603142002
2017-04-11 17:52:17,639 - org.eclipse.datatools.sqltools.ddlgen.ui - 1.1.0.201603142002
2017-04-11 17:52:17,639 - org.eclipse.datatools.connectivity.db.generic - 1.1.0.201603142002
2017-04-11 17:52:17,639 - org.eclipse.datatools.sqltools.editor.core.ui - 1.1.0.201603142002
2017-04-11 17:52:17,639 - org.eclipse.datatools.sqltools.sql.ui - 1.1.0.201603142002
2017-04-11 17:52:17,641 - org.eclipse.emf.common.ui - 2.11.0.v20160526-0356
2017-04-11 17:52:17,643 - org.eclipse.mylyn.commons.repositories.core - 1.13.0.v20160630-1702
2017-04-11 17:52:17,644 - org.eclipse.mylyn.commons.repositories.ui - 1.13.0.v20160630-1702
2017-04-11 17:52:17,646 - org.eclipse.sequoyah.device.common.utilities - 2.1.0.N20120718-0509
2017-04-11 17:52:17,649 - org.eclipse.andmore.android.common - 0.5.0.201605181018
2017-04-11 17:52:17,649 - org.eclipse.andmore.android.codeutils - 0.5.0.201605181018
2017-04-11 17:52:17,650 - org.eclipse.andmore.android.translation - 0.5.0.201605181018
2017-04-11 17:52:17,651 - org.eclipse.andmore.android.codesnippets - 0.5.0.201605181018
2017-04-11 17:52:17,651 - org.eclipse.andmore.android.db.core - 0.5.0.201605181018
2017-04-11 17:52:17,651 - org.eclipse.andmore.android.logger - 0.5.0.201605181018
2017-04-11 17:52:17,652 - org.eclipse.andmore.android - 0.5.0.201605181018
2017-04-11 17:52:17,653 - org.eclipse.andmore.android.emulator - 0.5.0.201605181018
2017-04-11 17:52:17,654 - org.eclipse.andmore.android.launch - 0.5.0.201605181018
2017-04-11 17:52:17,654 - org.eclipse.andmore.android.packaging.ui - 0.5.0.201605181018
2017-04-11 17:52:17,654 - org.eclipse.andmore.android.handset - 0.5.0.201605181018
2017-04-11 17:52:17,655 - org.eclipse.andmore.android.remote - 0.5.0.201605181018
2017-04-11 17:52:17,655 - org.eclipse.andmore.android.linux.x86_64 - 0.5.0.201605181018
2017-04-11 17:52:17,655 - org.eclipse.andmore.android.mat - 0.5.0.201605181018
2017-04-11 17:52:17,656 - org.eclipse.andmore.android.devices.services - 0.5.0.201605181018
2017-04-11 17:52:17,656 - org.eclipse.andmore.android.db.devices - 0.5.0.201605181018
2017-04-11 17:52:17,656 - org.eclipse.andmore.android.installer - 0.5.0.201605181018
2017-04-11 17:52:17,657 - org.eclipse.andmore.android.logger.collector - 0.5.0.201605181018
2017-04-11 17:52:17,660 - org.eclipse.emf.mapping.ui - 2.7.0.v20160526-0356
2017-04-11 17:52:17,663 - org.eclipse.mylyn.monitor.core - 3.21.0.v20160630-1702
2017-04-11 17:52:17,663 - org.eclipse.mylyn.monitor.ui - 3.21.0.v20160630-1702
2017-04-11 17:52:17,667 - org.eclipse.datatools.connectivity.oda.template.ui - 3.3.0.201603142002
2017-04-11 17:52:17,670 - org.eclipse.sequoyah.vnc.vncviewer - 2.1.0.N20120718-0509
2017-04-11 17:52:17,672 - org.eclipse.emf.codegen.ecore.ui - 2.12.0.v20160526-0356
2017-04-11 17:52:17,674 - org.eclipse.emf.ecore.editor - 2.12.0.v20160526-0356
2017-04-11 17:52:17,680 - org.eclipse.epp.package.android - 4.6.2.20161208-0625
2017-04-11 17:52:17,682 - org.eclipse.mylyn.builds.core - 1.13.0.v20160704-1634
2017-04-11 17:52:17,683 - org.eclipse.mylyn.builds.ui - 1.13.0.v20160725-1817
2017-04-11 17:52:17,685 - org.eclipse.mylyn.context.core - 3.21.0.v20160701-1337
2017-04-11 17:52:17,685 - org.eclipse.mylyn.context.ui - 3.21.0.v20160701-1337
2017-04-11 17:52:17,686 - org.eclipse.mylyn.resources.ui - 3.21.0.v20160701-1337
2017-04-11 17:52:17,686 - org.eclipse.mylyn.context.tasks.ui - 3.21.0.v20160815-2336
2017-04-11 17:52:17,688 - org.eclipse.emf.databinding - 1.3.0.v20160526-0356
2017-04-11 17:52:17,690 - org.eclipse.datatools.connectivity.sqm.core.ui - 1.3.0.201603142002
2017-04-11 17:52:17,690 - org.eclipse.datatools.connectivity.sqm.core - 1.3.0.201603142002
2017-04-11 17:52:17,692 - org.eclipse.datatools.connectivity.sqm.server.ui - 1.2.0.201603142002
2017-04-11 17:52:17,692 - org.eclipse.datatools.connectivity.ui.dse - 1.2.0.201603142002
2017-04-11 17:52:17,692 - org.eclipse.datatools.connectivity.ui - 1.3.0.201603142002
2017-04-11 17:52:17,692 - org.eclipse.datatools.connectivity - 1.13.0.201603142002
2017-04-11 17:52:17,692 - org.eclipse.datatools.help - 1.6.0.201603142002
2017-04-11 17:52:17,692 - org.eclipse.datatools.connectivity.console.profile - 1.1.0.201603142002
2017-04-11 17:52:17,694 - org.eclipse.oomph.setup - 1.6.0.v20161125-0947
2017-04-11 17:52:17,695 - org.eclipse.oomph.setup.edit - 1.6.0.v20161125-0947
2017-04-11 17:52:17,695 - org.eclipse.oomph.setup.core - 1.6.0.v20161128-0928
2017-04-11 17:52:17,695 - org.eclipse.oomph.setup.sync - 1.6.0.v20161019-0656
2017-04-11 17:52:17,696 - org.eclipse.oomph.setup.p2 - 1.6.0.v20161019-0656
2017-04-11 17:52:17,696 - org.eclipse.oomph.setup.p2.edit - 1.6.0.v20161019-0656
2017-04-11 17:52:17,697 - org.eclipse.oomph.preferences - 1.6.0.v20161019-0656
2017-04-11 17:52:17,699 - org.eclipse.oomph.jreinfo - 1.6.0.v20161019-0656
2017-04-11 17:52:17,700 - org.eclipse.oomph.extractor.lib - 1.3.0.v20161116-0647
2017-04-11 17:52:17,700 - org.apache.commons.logging - 1.1.1.v201101211721
2017-04-11 17:52:17,700 - org.apache.commons.codec - 1.6.0.v201305230611
2017-04-11 17:52:17,700 - org.apache.httpcomponents.httpclient - 4.3.6.v201511171540
2017-04-11 17:52:17,700 - org.apache.httpcomponents.httpcore - 4.3.3.v201411290715
2017-04-11 17:52:17,701 - org.eclipse.userstorage - 1.0.0.v20160524-0709
2017-04-11 17:52:17,701 - org.eclipse.userstorage.ui - 1.0.0.v20151216-0912
