2017-04-11 17:40:28,692 [Worker-4] DEBUG class java.lang.Class - Starting Andmore Common Plugin...
2017-04-11 17:40:28,692 [Worker-4] DEBUG class java.lang.Class - Andmore Common Plugin started.
2017-04-11 17:40:28,692 [Worker-4] DEBUG class java.lang.Class - Starting Andmore Plugin...
2017-04-11 17:40:28,693 [Worker-4] DEBUG class java.lang.Class - Andmore Plugin started.
2017-04-11 17:40:28,734 [Worker-4] DEBUG class java.lang.Class - Starting Andmore Emulator Plugin...
2017-04-11 17:40:28,746 [Worker-4] DEBUG class java.lang.Class - Andmore Emulator Plugin started.
2017-04-11 17:40:28,774 [Worker-4] DEBUG class java.lang.Class - Starting Andmore Device Services Plugin...
2017-04-11 17:40:28,774 [Worker-4] DEBUG class java.lang.Class - Andmore Device Services Plugin started.
2017-04-11 17:40:28,783 [Worker-4] DEBUG class java.lang.Class - Starting Andmore Handset Plugin...
2017-04-11 17:40:28,784 [Worker-4] DEBUG class java.lang.Class - Andmore Handset Plugin started.
2017-04-11 17:40:28,793 [Worker-4] DEBUG class java.lang.Class - Starting Andmore Remote Device Plugin...
2017-04-11 17:40:28,793 [Worker-4] DEBUG class java.lang.Class - Starting Andmore Remote Device Plugin started.
2017-04-11 17:40:28,800 [Worker-4] ERROR Studio for Android - Handler could not be instanced(PLUGIN=org.eclipse.sequoyah.device.framework;ERROR=202)
2017-04-11 17:40:28,800 [Worker-4] ERROR Studio for Android - Handler could not be instanced(PLUGIN=org.eclipse.sequoyah.device.framework;ERROR=202)
2017-04-11 17:40:28,800 [Worker-4] ERROR Studio for Android - Handler could not be instanced(PLUGIN=org.eclipse.sequoyah.device.framework;ERROR=202)
2017-04-11 17:40:28,800 [Worker-4] ERROR Studio for Android - Handler could not be instanced(PLUGIN=org.eclipse.sequoyah.device.framework;ERROR=202)
2017-04-11 17:40:28,800 [Worker-4] ERROR Studio for Android - Handler could not be instanced(PLUGIN=org.eclipse.sequoyah.device.framework;ERROR=202)
2017-04-11 17:40:28,800 [Worker-4] ERROR Studio for Android - Handler could not be instanced(PLUGIN=org.eclipse.sequoyah.device.framework;ERROR=202)
2017-04-11 17:40:28,800 [Worker-4] ERROR Studio for Android - Handler could not be instanced(PLUGIN=org.eclipse.sequoyah.device.framework;ERROR=202)
2017-04-11 17:40:28,800 [Worker-4] ERROR Studio for Android - Handler could not be instanced(PLUGIN=org.eclipse.sequoyah.device.framework;ERROR=202)
2017-04-11 17:40:28,800 [Worker-4] ERROR Studio for Android - Handler could not be instanced(PLUGIN=org.eclipse.sequoyah.device.framework;ERROR=202)
2017-04-11 17:40:28,800 [Worker-4] ERROR Studio for Android - Handler could not be instanced(PLUGIN=org.eclipse.sequoyah.device.framework;ERROR=202)
2017-04-11 17:40:28,800 [Worker-4] ERROR Studio for Android - Handler could not be instanced(PLUGIN=org.eclipse.sequoyah.device.framework;ERROR=202)
2017-04-11 17:40:28,800 [Worker-4] ERROR Studio for Android - Handler could not be instanced(PLUGIN=org.eclipse.sequoyah.device.framework;ERROR=202)
2017-04-11 17:40:28,800 [Worker-4] ERROR Studio for Android - Handler could not be instanced(PLUGIN=org.eclipse.sequoyah.device.framework;ERROR=202)
2017-04-11 17:40:28,800 [Worker-4] ERROR Studio for Android - Handler could not be instanced(PLUGIN=org.eclipse.sequoyah.device.framework;ERROR=202)
2017-04-11 17:40:28,800 [Worker-4] ERROR Studio for Android - Handler could not be instanced(PLUGIN=org.eclipse.sequoyah.device.framework;ERROR=202)
2017-04-11 17:40:28,800 [Worker-4] ERROR Studio for Android - Handler could not be instanced(PLUGIN=org.eclipse.sequoyah.device.framework;ERROR=202)
2017-04-11 17:40:28,800 [Worker-4] ERROR Studio for Android - Handler could not be instanced(PLUGIN=org.eclipse.sequoyah.device.framework;ERROR=202)
2017-04-11 17:40:28,801 [Worker-4] ERROR Studio for Android - Handler could not be instanced(PLUGIN=org.eclipse.sequoyah.device.framework;ERROR=202)
2017-04-11 17:40:28,801 [Worker-4] ERROR Studio for Android - Handler could not be instanced(PLUGIN=org.eclipse.sequoyah.device.framework;ERROR=202)
2017-04-11 17:40:28,801 [Worker-4] ERROR Studio for Android - Handler could not be instanced(PLUGIN=org.eclipse.sequoyah.device.framework;ERROR=202)
2017-04-11 17:40:28,801 [Worker-4] ERROR Studio for Android - Handler could not be instanced(PLUGIN=org.eclipse.sequoyah.device.framework;ERROR=202)
2017-04-11 17:40:28,801 [Worker-4] ERROR Studio for Android - Handler could not be instanced(PLUGIN=org.eclipse.sequoyah.device.framework;ERROR=202)
2017-04-11 17:40:28,801 [Worker-4] ERROR Studio for Android - Handler could not be instanced(PLUGIN=org.eclipse.sequoyah.device.framework;ERROR=202)
2017-04-11 17:40:28,801 [Worker-4] ERROR Studio for Android - Handler could not be instanced(PLUGIN=org.eclipse.sequoyah.device.framework;ERROR=202)
2017-04-11 17:40:28,801 [Worker-4] ERROR Studio for Android - Handler could not be instanced(PLUGIN=org.eclipse.sequoyah.device.framework;ERROR=202)
2017-04-11 17:40:28,801 [Worker-4] ERROR Studio for Android - Handler could not be instanced(PLUGIN=org.eclipse.sequoyah.device.framework;ERROR=202)
2017-04-11 17:40:28,801 [Worker-4] ERROR Studio for Android - Handler could not be instanced(PLUGIN=org.eclipse.sequoyah.device.framework;ERROR=202)
2017-04-11 17:40:28,801 [Worker-4] ERROR Studio for Android - Handler could not be instanced(PLUGIN=org.eclipse.sequoyah.device.framework;ERROR=202)
2017-04-11 17:40:28,801 [Worker-4] ERROR Studio for Android - Handler could not be instanced(PLUGIN=org.eclipse.sequoyah.device.framework;ERROR=202)
2017-04-11 17:40:28,801 [Worker-4] ERROR Studio for Android - Handler could not be instanced(PLUGIN=org.eclipse.sequoyah.device.framework;ERROR=202)
2017-04-11 17:40:28,801 [Worker-4] INFO  Studio for Android - [Status: id=org.eclipse.andmore.android.emulator.status.offline;name=Offline]
2017-04-11 17:40:28,801 [Worker-4] INFO  Studio for Android - [Status: id=org.eclipse.andmore.android.handset.status.handsetonline;name=Online]
2017-04-11 17:40:28,801 [Worker-4] INFO  Studio for Android - [Status: id=INACTIVE;name=INACTIVE]
2017-04-11 17:40:28,801 [Worker-4] INFO  Studio for Android - [Status: id=org.eclipse.andmore.android.emulator.status.notavailable;name=Not available]
2017-04-11 17:40:28,801 [Worker-4] INFO  Studio for Android - [Status: id=IDLE;name=IDLE]
2017-04-11 17:40:28,801 [Worker-4] INFO  Studio for Android - [Status: id=org.eclipse.andmore.android.remote.status.connected;name=Connected]
2017-04-11 17:40:28,801 [Worker-4] INFO  Studio for Android - [Status: id=org.eclipse.andmore.android.remote.status.disconnected;name=Disconnected]
2017-04-11 17:40:28,801 [Worker-4] INFO  Studio for Android - [Status: id=org.eclipse.andmore.android.emulator.status.online;name=Online]
2017-04-11 17:40:28,801 [Worker-4] INFO  Studio for Android - [Status: id=OFF;name=OFF]
2017-04-11 17:40:28,801 [Worker-4] INFO  Studio for Android - [Status: id=org.eclipse.andmore.android.emulator.status.offlineNoData;name=Offline (no user data)]
2017-04-11 17:40:54,105 [main] DEBUG class java.lang.Class - Starting Eclipse Andmore Database Core Plugin...
2017-04-11 17:40:54,119 [main] DEBUG Studio for Android - JDBC Driver Location:bundleentry://69.fwk2084863094/res/androidjdbc.jar JDBC Driver getBundle().getLocation():reference:file:plugins/org.eclipse.andmore.android.common_0.5.0.201605181018.jar
2017-04-11 17:40:54,120 [main] DEBUG Studio for Android - JDBC Driver Path:/ark/linux64/eclipse64/eclipse-neon/configuration/org.eclipse.osgi/69/0/.cp/res/androidjdbc.jar
2017-04-11 17:40:54,120 [main] DEBUG Studio for Android - JDBC Driver Location:bundleentry://69.fwk2084863094/res/androidjdbc.jar JDBC Driver getBundle().getLocation():reference:file:plugins/org.eclipse.andmore.android.common_0.5.0.201605181018.jar
2017-04-11 17:40:54,121 [main] DEBUG Studio for Android - JDBC Driver Path:/ark/linux64/eclipse64/eclipse-neon/configuration/org.eclipse.osgi/69/0/.cp/res/androidjdbc.jar
2017-04-11 17:40:54,129 [main] INFO  Studio for Android - Created a JDBC driver instance at Data Tools.
2017-04-11 17:40:54,133 [main] DEBUG class java.lang.Class - Eclipse Andmore Database Core Plugin started.
2017-04-11 17:40:54,134 [main] DEBUG class java.lang.Class - Starting Eclipse Andmore Database Devices Support Plugin...
2017-04-11 17:40:54,136 [main] DEBUG class java.lang.Class - Eclipse Andmore Database Devices Support Plugin started...
2017-04-11 17:40:54,872 [Framework stop] DEBUG Studio for Android - org.eclipse.sequoyah.device.service.start.StartServicePlugin-SHUTDOWN
2017-04-11 17:40:54,881 [Framework stop] DEBUG Studio for Android - org.eclipse.sequoyah.device.framework.ui.DeviceUIPlugin-SHUTDOWN
2017-04-11 17:40:54,881 [Framework stop] DEBUG Studio for Android - org.eclipse.sequoyah.device.service.stop.StopServicePlugin-SHUTDOWN
2017-04-11 17:40:54,881 [Framework stop] DEBUG Studio for Android - org.eclipse.sequoyah.device.framework.DevicePlugin-SHUTDOWN
2017-04-11 17:52:17,701 [Worker-5] DEBUG class java.lang.Class - Starting Andmore Common Plugin...
2017-04-11 17:52:17,701 [Worker-5] DEBUG class java.lang.Class - Andmore Common Plugin started.
2017-04-11 17:52:17,701 [Worker-5] DEBUG class java.lang.Class - Starting Andmore Plugin...
2017-04-11 17:52:17,702 [Worker-5] DEBUG class java.lang.Class - Andmore Plugin started.
2017-04-11 17:52:17,719 [Worker-5] DEBUG class java.lang.Class - Starting Andmore Emulator Plugin...
2017-04-11 17:52:17,730 [Worker-5] DEBUG class java.lang.Class - Andmore Emulator Plugin started.
2017-04-11 17:52:17,760 [Worker-5] DEBUG class java.lang.Class - Starting Andmore Device Services Plugin...
2017-04-11 17:52:17,760 [Worker-5] DEBUG class java.lang.Class - Andmore Device Services Plugin started.
2017-04-11 17:52:17,766 [Worker-5] DEBUG class java.lang.Class - Starting Andmore Handset Plugin...
2017-04-11 17:52:17,766 [Worker-5] DEBUG class java.lang.Class - Andmore Handset Plugin started.
2017-04-11 17:52:17,768 [Worker-5] DEBUG class java.lang.Class - Starting Andmore Remote Device Plugin...
2017-04-11 17:52:17,769 [Worker-5] DEBUG class java.lang.Class - Starting Andmore Remote Device Plugin started.
2017-04-11 17:52:17,775 [Worker-5] ERROR Studio for Android - Handler could not be instanced(PLUGIN=org.eclipse.sequoyah.device.framework;ERROR=202)
2017-04-11 17:52:17,775 [Worker-5] ERROR Studio for Android - Handler could not be instanced(PLUGIN=org.eclipse.sequoyah.device.framework;ERROR=202)
2017-04-11 17:52:17,775 [Worker-5] ERROR Studio for Android - Handler could not be instanced(PLUGIN=org.eclipse.sequoyah.device.framework;ERROR=202)
2017-04-11 17:52:17,775 [Worker-5] ERROR Studio for Android - Handler could not be instanced(PLUGIN=org.eclipse.sequoyah.device.framework;ERROR=202)
2017-04-11 17:52:17,775 [Worker-5] ERROR Studio for Android - Handler could not be instanced(PLUGIN=org.eclipse.sequoyah.device.framework;ERROR=202)
2017-04-11 17:52:17,775 [Worker-5] ERROR Studio for Android - Handler could not be instanced(PLUGIN=org.eclipse.sequoyah.device.framework;ERROR=202)
2017-04-11 17:52:17,775 [Worker-5] ERROR Studio for Android - Handler could not be instanced(PLUGIN=org.eclipse.sequoyah.device.framework;ERROR=202)
2017-04-11 17:52:17,775 [Worker-5] ERROR Studio for Android - Handler could not be instanced(PLUGIN=org.eclipse.sequoyah.device.framework;ERROR=202)
2017-04-11 17:52:17,775 [Worker-5] ERROR Studio for Android - Handler could not be instanced(PLUGIN=org.eclipse.sequoyah.device.framework;ERROR=202)
2017-04-11 17:52:17,775 [Worker-5] ERROR Studio for Android - Handler could not be instanced(PLUGIN=org.eclipse.sequoyah.device.framework;ERROR=202)
2017-04-11 17:52:17,775 [Worker-5] ERROR Studio for Android - Handler could not be instanced(PLUGIN=org.eclipse.sequoyah.device.framework;ERROR=202)
2017-04-11 17:52:17,775 [Worker-5] ERROR Studio for Android - Handler could not be instanced(PLUGIN=org.eclipse.sequoyah.device.framework;ERROR=202)
2017-04-11 17:52:17,775 [Worker-5] ERROR Studio for Android - Handler could not be instanced(PLUGIN=org.eclipse.sequoyah.device.framework;ERROR=202)
2017-04-11 17:52:17,775 [Worker-5] ERROR Studio for Android - Handler could not be instanced(PLUGIN=org.eclipse.sequoyah.device.framework;ERROR=202)
2017-04-11 17:52:17,775 [Worker-5] ERROR Studio for Android - Handler could not be instanced(PLUGIN=org.eclipse.sequoyah.device.framework;ERROR=202)
2017-04-11 17:52:17,775 [Worker-5] ERROR Studio for Android - Handler could not be instanced(PLUGIN=org.eclipse.sequoyah.device.framework;ERROR=202)
2017-04-11 17:52:17,775 [Worker-5] ERROR Studio for Android - Handler could not be instanced(PLUGIN=org.eclipse.sequoyah.device.framework;ERROR=202)
2017-04-11 17:52:17,775 [Worker-5] ERROR Studio for Android - Handler could not be instanced(PLUGIN=org.eclipse.sequoyah.device.framework;ERROR=202)
2017-04-11 17:52:17,775 [Worker-5] ERROR Studio for Android - Handler could not be instanced(PLUGIN=org.eclipse.sequoyah.device.framework;ERROR=202)
2017-04-11 17:52:17,775 [Worker-5] ERROR Studio for Android - Handler could not be instanced(PLUGIN=org.eclipse.sequoyah.device.framework;ERROR=202)
2017-04-11 17:52:17,775 [Worker-5] ERROR Studio for Android - Handler could not be instanced(PLUGIN=org.eclipse.sequoyah.device.framework;ERROR=202)
2017-04-11 17:52:17,775 [Worker-5] ERROR Studio for Android - Handler could not be instanced(PLUGIN=org.eclipse.sequoyah.device.framework;ERROR=202)
2017-04-11 17:52:17,776 [Worker-5] ERROR Studio for Android - Handler could not be instanced(PLUGIN=org.eclipse.sequoyah.device.framework;ERROR=202)
2017-04-11 17:52:17,776 [Worker-5] ERROR Studio for Android - Handler could not be instanced(PLUGIN=org.eclipse.sequoyah.device.framework;ERROR=202)
2017-04-11 17:52:17,776 [Worker-5] ERROR Studio for Android - Handler could not be instanced(PLUGIN=org.eclipse.sequoyah.device.framework;ERROR=202)
2017-04-11 17:52:17,776 [Worker-5] ERROR Studio for Android - Handler could not be instanced(PLUGIN=org.eclipse.sequoyah.device.framework;ERROR=202)
2017-04-11 17:52:17,776 [Worker-5] ERROR Studio for Android - Handler could not be instanced(PLUGIN=org.eclipse.sequoyah.device.framework;ERROR=202)
2017-04-11 17:52:17,776 [Worker-5] ERROR Studio for Android - Handler could not be instanced(PLUGIN=org.eclipse.sequoyah.device.framework;ERROR=202)
2017-04-11 17:52:17,776 [Worker-5] ERROR Studio for Android - Handler could not be instanced(PLUGIN=org.eclipse.sequoyah.device.framework;ERROR=202)
2017-04-11 17:52:17,776 [Worker-5] ERROR Studio for Android - Handler could not be instanced(PLUGIN=org.eclipse.sequoyah.device.framework;ERROR=202)
2017-04-11 17:52:17,776 [Worker-5] INFO  Studio for Android - [Status: id=org.eclipse.andmore.android.emulator.status.offline;name=Offline]
2017-04-11 17:52:17,776 [Worker-5] INFO  Studio for Android - [Status: id=org.eclipse.andmore.android.handset.status.handsetonline;name=Online]
2017-04-11 17:52:17,776 [Worker-5] INFO  Studio for Android - [Status: id=INACTIVE;name=INACTIVE]
2017-04-11 17:52:17,776 [Worker-5] INFO  Studio for Android - [Status: id=org.eclipse.andmore.android.emulator.status.notavailable;name=Not available]
2017-04-11 17:52:17,776 [Worker-5] INFO  Studio for Android - [Status: id=IDLE;name=IDLE]
2017-04-11 17:52:17,776 [Worker-5] INFO  Studio for Android - [Status: id=org.eclipse.andmore.android.remote.status.connected;name=Connected]
2017-04-11 17:52:17,776 [Worker-5] INFO  Studio for Android - [Status: id=org.eclipse.andmore.android.remote.status.disconnected;name=Disconnected]
2017-04-11 17:52:17,776 [Worker-5] INFO  Studio for Android - [Status: id=org.eclipse.andmore.android.emulator.status.online;name=Online]
2017-04-11 17:52:17,776 [Worker-5] INFO  Studio for Android - [Status: id=OFF;name=OFF]
2017-04-11 17:52:17,776 [Worker-5] INFO  Studio for Android - [Status: id=org.eclipse.andmore.android.emulator.status.offlineNoData;name=Offline (no user data)]
2017-04-11 17:54:02,758 [main] DEBUG class java.lang.Class - Starting Eclipse Andmore Database Core Plugin...
2017-04-11 17:54:02,783 [main] DEBUG Studio for Android - JDBC Driver Location:bundleentry://69.fwk2084863094/res/androidjdbc.jar JDBC Driver getBundle().getLocation():reference:file:plugins/org.eclipse.andmore.android.common_0.5.0.201605181018.jar
2017-04-11 17:54:02,783 [main] DEBUG Studio for Android - JDBC Driver Path:/ark/linux64/eclipse64/eclipse-neon/configuration/org.eclipse.osgi/69/0/.cp/res/androidjdbc.jar
2017-04-11 17:54:02,783 [main] DEBUG Studio for Android - JDBC Driver Location:bundleentry://69.fwk2084863094/res/androidjdbc.jar JDBC Driver getBundle().getLocation():reference:file:plugins/org.eclipse.andmore.android.common_0.5.0.201605181018.jar
2017-04-11 17:54:02,783 [main] DEBUG Studio for Android - JDBC Driver Path:/ark/linux64/eclipse64/eclipse-neon/configuration/org.eclipse.osgi/69/0/.cp/res/androidjdbc.jar
2017-04-11 17:54:02,787 [main] DEBUG class java.lang.Class - Eclipse Andmore Database Core Plugin started.
2017-04-11 17:54:02,787 [main] DEBUG class java.lang.Class - Starting Eclipse Andmore Database Devices Support Plugin...
2017-04-11 17:54:02,790 [main] DEBUG class java.lang.Class - Eclipse Andmore Database Devices Support Plugin started...
2017-04-11 17:54:03,512 [Framework stop] DEBUG Studio for Android - org.eclipse.sequoyah.device.service.start.StartServicePlugin-SHUTDOWN
2017-04-11 17:54:03,518 [Framework stop] DEBUG Studio for Android - org.eclipse.sequoyah.device.framework.ui.DeviceUIPlugin-SHUTDOWN
2017-04-11 17:54:03,518 [Framework stop] DEBUG Studio for Android - org.eclipse.sequoyah.device.service.stop.StopServicePlugin-SHUTDOWN
2017-04-11 17:54:03,519 [Framework stop] DEBUG Studio for Android - org.eclipse.sequoyah.device.framework.DevicePlugin-SHUTDOWN
